Creating network "otusphpbackend_otus-php-backend" with the default driver
Building php-fpm
Step 1/4 : FROM php:7.3-fpm-alpine as php-fpm-base
 ---> bf039e59cbdc
Step 2/4 : RUN apk add postgresql-dev     && docker-php-ext-install pgsql pdo_pgsql     && docker-php-ext-enable pdo_pgsql     && mv /usr/local/etc/php/conf.d/docker-php-ext-pgsql.ini /usr/local/etc/php/conf.d/docker-php-ext-pgsql.ini-disabled
 ---> Running in beb6d931604c
fetch http://dl-cdn.alpinelinux.org/alpine/v3.9/main/x86_64/APKINDEX.tar.gz
fetch http://dl-cdn.alpinelinux.org/alpine/v3.9/community/x86_64/APKINDEX.tar.gz
(1/8) Installing pkgconf (1.6.0-r0)
(2/8) Installing openssl-dev (1.1.1b-r1)
(3/8) Installing db (5.3.28-r1)
(4/8) Installing libsasl (2.1.27-r1)
(5/8) Installing libldap (2.4.47-r2)
(6/8) Installing libpq (11.3-r0)
(7/8) Installing postgresql-libs (11.3-r0)
(8/8) Installing postgresql-dev (11.3-r0)
Executing busybox-1.29.3-r10.trigger
OK: 49 MiB in 38 packages
fetch http://dl-cdn.alpinelinux.org/alpine/v3.9/main/x86_64/APKINDEX.tar.gz
fetch http://dl-cdn.alpinelinux.org/alpine/v3.9/community/x86_64/APKINDEX.tar.gz
(1/24) Installing m4 (1.4.18-r1)
(2/24) Installing libbz2 (1.0.6-r6)
(3/24) Installing perl (5.26.3-r0)
(4/24) Installing autoconf (2.69-r2)
(5/24) Installing dpkg-dev (1.19.2-r0)
(6/24) Installing dpkg (1.19.2-r0)
(7/24) Installing libmagic (5.36-r0)
(8/24) Installing file (5.36-r0)
(9/24) Installing libgcc (8.3.0-r0)
(10/24) Installing libstdc++ (8.3.0-r0)
(11/24) Installing binutils (2.31.1-r2)
(12/24) Installing gmp (6.1.2-r1)
(13/24) Installing isl (0.18-r0)
(14/24) Installing libgomp (8.3.0-r0)
(15/24) Installing libatomic (8.3.0-r0)
(16/24) Installing mpfr3 (3.1.5-r1)
(17/24) Installing mpc1 (1.0.3-r1)
(18/24) Installing gcc (8.3.0-r0)
(19/24) Installing musl-dev (1.1.20-r4)
(20/24) Installing libc-dev (0.7.1-r0)
(21/24) Installing g++ (8.3.0-r0)
(22/24) Installing make (4.2.1-r2)
(23/24) Installing re2c (1.1.1-r0)
(24/24) Installing .phpize-deps (0)
Executing busybox-1.29.3-r10.trigger
OK: 248 MiB in 62 packages
Configuring for:
PHP Api Version:         20180731
Zend Module Api No:      20180731
Zend Extension Api No:   320180731
checking for grep that handles long lines and -e... /bin/grep
checking for egrep... /bin/grep -E
checking for a sed that does not truncate output... /bin/sed
checking for cc... cc
checking whether the C compiler works... yes
checking for C compiler default output file name... a.out
checking for suffix of executables... 
checking whether we are cross compiling... no
checking for suffix of object files... o
checking whether we are using the GNU C compiler... yes
checking whether cc accepts -g... yes
checking for cc option to accept ISO C89... none needed
checking how to run the C preprocessor... cc -E
checking for icc... no
checking for suncc... no
checking whether cc understands -c and -o together... yes
checking for system library directory... lib
checking if compiler supports -R... no
checking if compiler supports -Wl,-rpath,... yes
checking build system type... x86_64-pc-linux-musl
checking host system type... x86_64-pc-linux-musl
checking target system type... x86_64-pc-linux-musl
checking for PHP prefix... /usr/local
checking for PHP includes... -I/usr/local/include/php -I/usr/local/include/php/main -I/usr/local/include/php/TSRM -I/usr/local/include/php/Zend -I/usr/local/include/php/ext -I/usr/local/include/php/ext/date/lib
checking for PHP extension directory... /usr/local/lib/php/extensions/no-debug-non-zts-20180731
checking for PHP installed headers prefix... /usr/local/include/php
checking if debug is enabled... no
checking if zts is enabled... no
checking for re2c... re2c
checking for re2c version... 1.1.1 (ok)
checking for gawk... no
checking for nawk... no
checking for awk... awk
checking if awk is broken... no
checking for PostgreSQL support... yes, shared
checking for pg_config... /usr/bin/pg_config
checking for PQescapeString in -lpq... yes
checking for PQunescapeBytea in -lpq... yes
checking for PQsetnonblocking in -lpq... yes
checking for PQcmdTuples in -lpq... yes
checking for PQoidValue in -lpq... yes
checking for PQclientEncoding in -lpq... yes
checking for PQparameterStatus in -lpq... yes
checking for PQprotocolVersion in -lpq... yes
checking for PQtransactionStatus in -lpq... yes
checking for PQexecParams in -lpq... yes
checking for PQprepare in -lpq... yes
checking for PQexecPrepared in -lpq... yes
checking for PQresultErrorField in -lpq... yes
checking for PQsendQueryParams in -lpq... yes
checking for PQsendPrepare in -lpq... yes
checking for PQsendQueryPrepared in -lpq... yes
checking for PQputCopyData in -lpq... yes
checking for PQputCopyEnd in -lpq... yes
checking for PQgetCopyData in -lpq... yes
checking for PQfreemem in -lpq... yes
checking for PQsetErrorVerbosity in -lpq... yes
checking for PQftable in -lpq... yes
checking for PQescapeStringConn in -lpq... yes
checking for PQescapeByteaConn in -lpq... yes
checking for pg_encoding_to_char in -lpq... yes
checking for lo_create in -lpq... yes
checking for lo_import_with_oid in -lpq... yes
checking for lo_truncate in -lpq... yes
checking for lo_truncate64 in -lpq... yes
checking for PQescapeLiteral in -lpq... yes
checking for ld used by cc... /usr/x86_64-alpine-linux-musl/bin/ld
checking if the linker (/usr/x86_64-alpine-linux-musl/bin/ld) is GNU ld... yes
checking for /usr/x86_64-alpine-linux-musl/bin/ld option to reload object files... -r
checking for BSD-compatible nm... /usr/bin/nm -B
checking whether ln -s works... yes
checking how to recognize dependent libraries... pass_all
checking for ANSI C header files... yes
checking for sys/types.h... yes
checking for sys/stat.h... yes
checking for stdlib.h... yes
checking for string.h... yes
checking for memory.h... yes
checking for strings.h... yes
checking for inttypes.h... yes
checking for stdint.h... yes
checking for unistd.h... yes
checking dlfcn.h usability... yes
checking dlfcn.h presence... yes
checking for dlfcn.h... yes
checking the maximum length of command line arguments... 98304
checking command to parse /usr/bin/nm -B output from cc object... ok
checking for objdir... .libs
checking for ar... ar
checking for ranlib... ranlib
checking for strip... strip
checking if cc supports -fno-rtti -fno-exceptions... no
checking for cc option to produce PIC... -fPIC
checking if cc PIC flag -fPIC works... yes
checking if cc static flag -static works... yes
checking if cc supports -c -o file.o... yes
checking whether the cc linker (/usr/x86_64-alpine-linux-musl/bin/ld -m elf_x86_64) supports shared libraries... yes
checking whether -lc should be explicitly linked in... no
checking dynamic linker characteristics... GNU/Linux ld.so
checking how to hardcode library paths into programs... immediate
checking whether stripping libraries is possible... yes
checking if libtool supports shared libraries... yes
checking whether to build shared libraries... yes
checking whether to build static libraries... no

creating libtool
appending configuration tag "CXX" to libtool
configure: creating ./config.status
config.status: creating config.h
/bin/sh /usr/src/php/ext/pgsql/libtool --mode=compile cc -DZEND_ENABLE_STATIC_TSRMLS_CACHE=1 -I. -I/usr/src/php/ext/pgsql -DPHP_ATOM_INC -I/usr/src/php/ext/pgsql/include -I/usr/src/php/ext/pgsql/main -I/usr/src/php/ext/pgsql -I/usr/local/include/php -I/usr/local/include/php/main -I/usr/local/include/php/TSRM -I/usr/local/include/php/Zend -I/usr/local/include/php/ext -I/usr/local/include/php/ext/date/lib  -fstack-protector-strong -fpic -fpie -O2 -DHAVE_CONFIG_H  -fstack-protector-strong -fpic -fpie -O2   -c /usr/src/php/ext/pgsql/pgsql.c -o pgsql.lo 
mkdir .libs
 cc -DZEND_ENABLE_STATIC_TSRMLS_CACHE=1 -I. -I/usr/src/php/ext/pgsql -DPHP_ATOM_INC -I/usr/src/php/ext/pgsql/include -I/usr/src/php/ext/pgsql/main -I/usr/src/php/ext/pgsql -I/usr/local/include/php -I/usr/local/include/php/main -I/usr/local/include/php/TSRM -I/usr/local/include/php/Zend -I/usr/local/include/php/ext -I/usr/local/include/php/ext/date/lib -fstack-protector-strong -fpic -fpie -O2 -DHAVE_CONFIG_H -fstack-protector-strong -fpic -fpie -O2 -c /usr/src/php/ext/pgsql/pgsql.c  -fPIC -DPIC -o .libs/pgsql.o
/bin/sh /usr/src/php/ext/pgsql/libtool --mode=link cc -DPHP_ATOM_INC -I/usr/src/php/ext/pgsql/include -I/usr/src/php/ext/pgsql/main -I/usr/src/php/ext/pgsql -I/usr/local/include/php -I/usr/local/include/php/main -I/usr/local/include/php/TSRM -I/usr/local/include/php/Zend -I/usr/local/include/php/ext -I/usr/local/include/php/ext/date/lib  -fstack-protector-strong -fpic -fpie -O2 -DHAVE_CONFIG_H  -fstack-protector-strong -fpic -fpie -O2  -Wl,-O1 -Wl,--hash-style=both -pie  -o pgsql.la -export-dynamic -avoid-version -prefer-pic -module -rpath /usr/src/php/ext/pgsql/modules  pgsql.lo -lpq
cc -shared  .libs/pgsql.o  -lpq  -Wl,-O1 -Wl,--hash-style=both -Wl,-soname -Wl,pgsql.so -o .libs/pgsql.so
creating pgsql.la
(cd .libs && rm -f pgsql.la && ln -s ../pgsql.la pgsql.la)
/bin/sh /usr/src/php/ext/pgsql/libtool --mode=install cp ./pgsql.la /usr/src/php/ext/pgsql/modules
cp ./.libs/pgsql.so /usr/src/php/ext/pgsql/modules/pgsql.so
cp ./.libs/pgsql.lai /usr/src/php/ext/pgsql/modules/pgsql.la
PATH="$PATH:/sbin" ldconfig -n /usr/src/php/ext/pgsql/modules
----------------------------------------------------------------------
Libraries have been installed in:
   /usr/src/php/ext/pgsql/modules

If you ever happen to want to link against installed libraries
in a given directory, LIBDIR, you must either use libtool, and
specify the full pathname of the library, or use the `-LLIBDIR'
flag during linking and do at least one of the following:
   - add LIBDIR to the `LD_LIBRARY_PATH' environment variable
     during execution
   - add LIBDIR to the `LD_RUN_PATH' environment variable
     during linking
   - use the `-Wl,--rpath -Wl,LIBDIR' linker flag

See any operating system documentation about shared libraries for
more information, such as the ld(1) and ld.so(8) manual pages.
----------------------------------------------------------------------

Build complete.
Don't forget to run 'make test'.

Installing shared extensions:     /usr/local/lib/php/extensions/no-debug-non-zts-20180731/
find . -name \*.gcno -o -name \*.gcda | xargs rm -f
find . -name \*.lo -o -name \*.o | xargs rm -f
find . -name \*.la -o -name \*.a | xargs rm -f
find . -name \*.so | xargs rm -f
find . -name .libs -a -type d|xargs rm -rf
rm -f libphp.la      modules/* libs/*
Configuring for:
PHP Api Version:         20180731
Zend Module Api No:      20180731
Zend Extension Api No:   320180731
checking for grep that handles long lines and -e... /bin/grep
checking for egrep... /bin/grep -E
checking for a sed that does not truncate output... /bin/sed
checking for cc... cc
checking whether the C compiler works... yes
checking for C compiler default output file name... a.out
checking for suffix of executables... 
checking whether we are cross compiling... no
checking for suffix of object files... o
checking whether we are using the GNU C compiler... yes
checking whether cc accepts -g... yes
checking for cc option to accept ISO C89... none needed
checking how to run the C preprocessor... cc -E
checking for icc... no
checking for suncc... no
checking whether cc understands -c and -o together... yes
checking for system library directory... lib
checking if compiler supports -R... no
checking if compiler supports -Wl,-rpath,... yes
checking build system type... x86_64-pc-linux-musl
checking host system type... x86_64-pc-linux-musl
checking target system type... x86_64-pc-linux-musl
checking for PHP prefix... /usr/local
checking for PHP includes... -I/usr/local/include/php -I/usr/local/include/php/main -I/usr/local/include/php/TSRM -I/usr/local/include/php/Zend -I/usr/local/include/php/ext -I/usr/local/include/php/ext/date/lib
checking for PHP extension directory... /usr/local/lib/php/extensions/no-debug-non-zts-20180731
checking for PHP installed headers prefix... /usr/local/include/php
checking if debug is enabled... no
checking if zts is enabled... no
checking for re2c... re2c
checking for re2c version... 1.1.1 (ok)
checking for gawk... no
checking for nawk... no
checking for awk... awk
checking if awk is broken... no
checking for PostgreSQL support for PDO... yes, shared
checking for pg_config... /usr/bin/pg_config
checking for openssl dependencies... no
checking for PQprepare in -lpq... yes
checking for PQexecParams in -lpq... yes
checking for PQescapeStringConn in -lpq... yes
checking for PQescapeByteaConn in -lpq... yes
checking for PDO includes... checking for PDO includes... /usr/local/include/php/ext
checking for ld used by cc... /usr/x86_64-alpine-linux-musl/bin/ld
checking if the linker (/usr/x86_64-alpine-linux-musl/bin/ld) is GNU ld... yes
checking for /usr/x86_64-alpine-linux-musl/bin/ld option to reload object files... -r
checking for BSD-compatible nm... /usr/bin/nm -B
checking whether ln -s works... yes
checking how to recognize dependent libraries... pass_all
checking for ANSI C header files... yes
checking for sys/types.h... yes
checking for sys/stat.h... yes
checking for stdlib.h... yes
checking for string.h... yes
checking for memory.h... yes
checking for strings.h... yes
checking for inttypes.h... yes
checking for stdint.h... yes
checking for unistd.h... yes
checking dlfcn.h usability... yes
checking dlfcn.h presence... yes
checking for dlfcn.h... yes
checking the maximum length of command line arguments... 98304
checking command to parse /usr/bin/nm -B output from cc object... ok
checking for objdir... .libs
checking for ar... ar
checking for ranlib... ranlib
checking for strip... strip
checking if cc supports -fno-rtti -fno-exceptions... no
checking for cc option to produce PIC... -fPIC
checking if cc PIC flag -fPIC works... yes
checking if cc static flag -static works... yes
checking if cc supports -c -o file.o... yes
checking whether the cc linker (/usr/x86_64-alpine-linux-musl/bin/ld -m elf_x86_64) supports shared libraries... yes
checking whether -lc should be explicitly linked in... no
checking dynamic linker characteristics... GNU/Linux ld.so
checking how to hardcode library paths into programs... immediate
checking whether stripping libraries is possible... yes
checking if libtool supports shared libraries... yes
checking whether to build shared libraries... yes
checking whether to build static libraries... no

creating libtool
appending configuration tag "CXX" to libtool
configure: creating ./config.status
config.status: creating config.h
/bin/sh /usr/src/php/ext/pdo_pgsql/libtool --mode=compile cc -I/usr/local/include/php/ext  -I. -I/usr/src/php/ext/pdo_pgsql -DPHP_ATOM_INC -I/usr/src/php/ext/pdo_pgsql/include -I/usr/src/php/ext/pdo_pgsql/main -I/usr/src/php/ext/pdo_pgsql -I/usr/local/include/php -I/usr/local/include/php/main -I/usr/local/include/php/TSRM -I/usr/local/include/php/Zend -I/usr/local/include/php/ext -I/usr/local/include/php/ext/date/lib  -fstack-protector-strong -fpic -fpie -O2 -DHAVE_CONFIG_H  -fstack-protector-strong -fpic -fpie -O2   -c /usr/src/php/ext/pdo_pgsql/pdo_pgsql.c -o pdo_pgsql.lo 
mkdir .libs
 cc -I/usr/local/include/php/ext -I. -I/usr/src/php/ext/pdo_pgsql -DPHP_ATOM_INC -I/usr/src/php/ext/pdo_pgsql/include -I/usr/src/php/ext/pdo_pgsql/main -I/usr/src/php/ext/pdo_pgsql -I/usr/local/include/php -I/usr/local/include/php/main -I/usr/local/include/php/TSRM -I/usr/local/include/php/Zend -I/usr/local/include/php/ext -I/usr/local/include/php/ext/date/lib -fstack-protector-strong -fpic -fpie -O2 -DHAVE_CONFIG_H -fstack-protector-strong -fpic -fpie -O2 -c /usr/src/php/ext/pdo_pgsql/pdo_pgsql.c  -fPIC -DPIC -o .libs/pdo_pgsql.o
/bin/sh /usr/src/php/ext/pdo_pgsql/libtool --mode=compile cc -I/usr/local/include/php/ext  -I. -I/usr/src/php/ext/pdo_pgsql -DPHP_ATOM_INC -I/usr/src/php/ext/pdo_pgsql/include -I/usr/src/php/ext/pdo_pgsql/main -I/usr/src/php/ext/pdo_pgsql -I/usr/local/include/php -I/usr/local/include/php/main -I/usr/local/include/php/TSRM -I/usr/local/include/php/Zend -I/usr/local/include/php/ext -I/usr/local/include/php/ext/date/lib  -fstack-protector-strong -fpic -fpie -O2 -DHAVE_CONFIG_H  -fstack-protector-strong -fpic -fpie -O2   -c /usr/src/php/ext/pdo_pgsql/pgsql_driver.c -o pgsql_driver.lo 
 cc -I/usr/local/include/php/ext -I. -I/usr/src/php/ext/pdo_pgsql -DPHP_ATOM_INC -I/usr/src/php/ext/pdo_pgsql/include -I/usr/src/php/ext/pdo_pgsql/main -I/usr/src/php/ext/pdo_pgsql -I/usr/local/include/php -I/usr/local/include/php/main -I/usr/local/include/php/TSRM -I/usr/local/include/php/Zend -I/usr/local/include/php/ext -I/usr/local/include/php/ext/date/lib -fstack-protector-strong -fpic -fpie -O2 -DHAVE_CONFIG_H -fstack-protector-strong -fpic -fpie -O2 -c /usr/src/php/ext/pdo_pgsql/pgsql_driver.c  -fPIC -DPIC -o .libs/pgsql_driver.o
/bin/sh /usr/src/php/ext/pdo_pgsql/libtool --mode=compile cc -I/usr/local/include/php/ext  -I. -I/usr/src/php/ext/pdo_pgsql -DPHP_ATOM_INC -I/usr/src/php/ext/pdo_pgsql/include -I/usr/src/php/ext/pdo_pgsql/main -I/usr/src/php/ext/pdo_pgsql -I/usr/local/include/php -I/usr/local/include/php/main -I/usr/local/include/php/TSRM -I/usr/local/include/php/Zend -I/usr/local/include/php/ext -I/usr/local/include/php/ext/date/lib  -fstack-protector-strong -fpic -fpie -O2 -DHAVE_CONFIG_H  -fstack-protector-strong -fpic -fpie -O2   -c /usr/src/php/ext/pdo_pgsql/pgsql_statement.c -o pgsql_statement.lo 
 cc -I/usr/local/include/php/ext -I. -I/usr/src/php/ext/pdo_pgsql -DPHP_ATOM_INC -I/usr/src/php/ext/pdo_pgsql/include -I/usr/src/php/ext/pdo_pgsql/main -I/usr/src/php/ext/pdo_pgsql -I/usr/local/include/php -I/usr/local/include/php/main -I/usr/local/include/php/TSRM -I/usr/local/include/php/Zend -I/usr/local/include/php/ext -I/usr/local/include/php/ext/date/lib -fstack-protector-strong -fpic -fpie -O2 -DHAVE_CONFIG_H -fstack-protector-strong -fpic -fpie -O2 -c /usr/src/php/ext/pdo_pgsql/pgsql_statement.c  -fPIC -DPIC -o .libs/pgsql_statement.o
/bin/sh /usr/src/php/ext/pdo_pgsql/libtool --mode=link cc -DPHP_ATOM_INC -I/usr/src/php/ext/pdo_pgsql/include -I/usr/src/php/ext/pdo_pgsql/main -I/usr/src/php/ext/pdo_pgsql -I/usr/local/include/php -I/usr/local/include/php/main -I/usr/local/include/php/TSRM -I/usr/local/include/php/Zend -I/usr/local/include/php/ext -I/usr/local/include/php/ext/date/lib  -fstack-protector-strong -fpic -fpie -O2 -DHAVE_CONFIG_H  -fstack-protector-strong -fpic -fpie -O2  -Wl,-O1 -Wl,--hash-style=both -pie  -o pdo_pgsql.la -export-dynamic -avoid-version -prefer-pic -module -rpath /usr/src/php/ext/pdo_pgsql/modules  pdo_pgsql.lo pgsql_driver.lo pgsql_statement.lo -lpq
cc -shared  .libs/pdo_pgsql.o .libs/pgsql_driver.o .libs/pgsql_statement.o  -lpq  -Wl,-O1 -Wl,--hash-style=both -Wl,-soname -Wl,pdo_pgsql.so -o .libs/pdo_pgsql.so
creating pdo_pgsql.la
(cd .libs && rm -f pdo_pgsql.la && ln -s ../pdo_pgsql.la pdo_pgsql.la)
/bin/sh /usr/src/php/ext/pdo_pgsql/libtool --mode=install cp ./pdo_pgsql.la /usr/src/php/ext/pdo_pgsql/modules
cp ./.libs/pdo_pgsql.so /usr/src/php/ext/pdo_pgsql/modules/pdo_pgsql.so
cp ./.libs/pdo_pgsql.lai /usr/src/php/ext/pdo_pgsql/modules/pdo_pgsql.la
PATH="$PATH:/sbin" ldconfig -n /usr/src/php/ext/pdo_pgsql/modules
----------------------------------------------------------------------
Libraries have been installed in:
   /usr/src/php/ext/pdo_pgsql/modules

If you ever happen to want to link against installed libraries
in a given directory, LIBDIR, you must either use libtool, and
specify the full pathname of the library, or use the `-LLIBDIR'
flag during linking and do at least one of the following:
   - add LIBDIR to the `LD_LIBRARY_PATH' environment variable
     during execution
   - add LIBDIR to the `LD_RUN_PATH' environment variable
     during linking
   - use the `-Wl,--rpath -Wl,LIBDIR' linker flag

See any operating system documentation about shared libraries for
more information, such as the ld(1) and ld.so(8) manual pages.
----------------------------------------------------------------------

Build complete.
Don't forget to run 'make test'.

Installing shared extensions:     /usr/local/lib/php/extensions/no-debug-non-zts-20180731/
find . -name \*.gcno -o -name \*.gcda | xargs rm -f
find . -name \*.lo -o -name \*.o | xargs rm -f
find . -name \*.la -o -name \*.a | xargs rm -f
find . -name \*.so | xargs rm -f
find . -name .libs -a -type d|xargs rm -rf
rm -f libphp.la      modules/* libs/*
(1/24) Purging .phpize-deps (0)
(2/24) Purging autoconf (2.69-r2)
(3/24) Purging m4 (1.4.18-r1)
(4/24) Purging dpkg-dev (1.19.2-r0)
(5/24) Purging perl (5.26.3-r0)
(6/24) Purging dpkg (1.19.2-r0)
(7/24) Purging file (5.36-r0)
(8/24) Purging g++ (8.3.0-r0)
(9/24) Purging gcc (8.3.0-r0)
(10/24) Purging binutils (2.31.1-r2)
(11/24) Purging libatomic (8.3.0-r0)
(12/24) Purging libgomp (8.3.0-r0)
(13/24) Purging libc-dev (0.7.1-r0)
(14/24) Purging musl-dev (1.1.20-r4)
(15/24) Purging make (4.2.1-r2)
(16/24) Purging re2c (1.1.1-r0)
(17/24) Purging libbz2 (1.0.6-r6)
(18/24) Purging libmagic (5.36-r0)
(19/24) Purging libstdc++ (8.3.0-r0)
(20/24) Purging libgcc (8.3.0-r0)
(21/24) Purging mpc1 (1.0.3-r1)
(22/24) Purging mpfr3 (3.1.5-r1)
(23/24) Purging isl (0.18-r0)
(24/24) Purging gmp (6.1.2-r1)
Executing busybox-1.29.3-r10.trigger
OK: 49 MiB in 38 packages
fetch http://dl-cdn.alpinelinux.org/alpine/v3.9/main/x86_64/APKINDEX.tar.gz
fetch http://dl-cdn.alpinelinux.org/alpine/v3.9/community/x86_64/APKINDEX.tar.gz
(1/2) Installing binutils (2.31.1-r2)
(2/2) Installing .docker-php-ext-enable-deps (0)
Executing busybox-1.29.3-r10.trigger
OK: 59 MiB in 40 packages
[91m
[0m[91mwarning: pdo_pgsql (pdo_pgsql.so) is already loaded!
[0m[91m
[0m(1/2) Purging .docker-php-ext-enable-deps (0)
(2/2) Purging binutils (2.31.1-r2)
Executing busybox-1.29.3-r10.trigger
OK: 49 MiB in 38 packages
Removing intermediate container beb6d931604c
 ---> b9e18e502f62

Step 3/4 : FROM php-fpm-base
 ---> b9e18e502f62
Step 4/4 : USER www-data
 ---> Running in 5d4624716140
Removing intermediate container 5d4624716140
 ---> e3e0ea4ddf28

Successfully built e3e0ea4ddf28
Successfully tagged otusphpbackend_php-fpm:latest
Creating otusphpbackend_php-fpm_1 ... 
Creating otusphpbackend_php-fpm_1
[1A[2KCreating otusphpbackend_php-fpm_1 ... [32mdone[0m[1BCreating otusphpbackend_nginx_1 ... 
Creating otusphpbackend_nginx_1
[1A[2KCreating otusphpbackend_nginx_1 ... [32mdone[0m[1BAttaching to otusphpbackend_php-fpm_1, otusphpbackend_nginx_1
[36mphp-fpm_1  |[0m [18-Jun-2019 22:11:04] NOTICE: [pool www] 'user' directive is ignored when FPM is not running as root
[36mphp-fpm_1  |[0m [18-Jun-2019 22:11:04] NOTICE: [pool www] 'user' directive is ignored when FPM is not running as root
[36mphp-fpm_1  |[0m [18-Jun-2019 22:11:04] NOTICE: [pool www] 'group' directive is ignored when FPM is not running as root
[36mphp-fpm_1  |[0m [18-Jun-2019 22:11:04] NOTICE: [pool www] 'group' directive is ignored when FPM is not running as root
[36mphp-fpm_1  |[0m [18-Jun-2019 22:11:04] NOTICE: fpm is running, pid 1
[36mphp-fpm_1  |[0m [18-Jun-2019 22:11:04] NOTICE: ready to handle connections
[36mphp-fpm_1  |[0m 192.168.96.3 -  20/Jun/2019:18:06:39 +0000 "GET /index.php" 200
[33mnginx_1    |[0m 192.168.1.10 - - [20/Jun/2019:18:06:40 +0000] "GET / HTTP/1.1" 200 74564 "-" "Mozilla/5.0 (Windows NT 6.1; Win64; x64) AppleWebKit/537.36 (KHTML, like Gecko) Chrome/74.0.3729.172 Safari/537.36 Vivaldi/2.5.1525.48"
