2020-05-30 17:12:01 - Server upstart!
2020-05-30 17:12:16 - Connect to socket for message.
2020-05-30 17:12:16 - Connection established successfully!
2020-05-30 17:12:16 - I greet You оn my Land!
2020-05-30 17:12:16 - Client connected successfully!
2020-05-30 17:12:16 - Your message is: I greet You оn my Land!

2020-05-30 17:12:16 - Exit from client.
2020-05-30 17:29:18 - Connect to socket for message.
2020-05-30 17:29:18 - Exit from client.
2020-05-30 17:29:44 - Server upstart!
2020-05-30 17:30:49 - Connect to socket for message.
2020-05-30 17:30:49 - Connection established successfully!
2020-05-30 17:30:49 - I greet You оn my Land!
2020-05-30 17:30:49 - Client connected successfully!
2020-05-30 17:30:49 - Your message is: I greet You оn my Land!

2020-05-30 17:30:49 - Your seans successfully ended!
2020-05-30 17:30:49 - Exit from client.
2020-06-02 18:58:15 - Connect to socket for message.
2020-06-02 18:58:15 - Exit from client.
2020-06-02 18:59:56 - Server upstart!
2020-06-02 19:00:53 - Server upstart!
2020-06-02 19:01:04 - Connect to socket for message.
2020-06-02 19:01:04 - Connection established successfully!
2020-06-02 19:01:04 - I greet You оn my Land!
2020-06-02 19:01:04 - Client connected successfully!
2020-06-02 19:01:04 - Your message is: I greet You оn my Land!

2020-06-02 19:01:04 - Your seans successfully ended!
2020-06-02 19:01:04 - Exit from client.
2020-06-02 19:44:05 - Server upstart!
