Email alex@maiывыфвl.ru Error: Email alex@maiывыфвl.ru is invalid;
alex@maiывыфвl.ru Error: MX записи не найдены
Email alex@maiывыфвl.ru Error: Email alex@maiывыфвl.ru is invalid;
alex@maiывыфвl.ru Error: MX записи не найдены
Email alex@maiывыфвl.ru Error: Email alex@maiывыфвl.ru is invalid;
Email alex@mail.ru Error: Email alex@mail.ru is invalid;
Email alex@mail.ru Error: Email alex@mail.ru is invalid;
Email alex@mail.ru Error: Email alex@mail.ru is invalid;
Email alex@mail.ru Error: Email alex@mail.ru is invalid;
Email alex@mail.ru Error: Email alex@mail.ru is invalid;
Email alex@mail.ru Error: Email alex@mail.ru is invalid;
Email alex@mail.ru Error: Email alex@mail.ru is invalid;
Email alex@mail.ru is valid;<br>
Email alex@mail.ru is valid
Email alex@mail.ru is valid
Email alex@mail.ru Error: Email alex@mail.ru is invalid;
Email alex@mail.ru is valid
Email alex@mail.ru is valid
Email alex@mail.ru Error: Проверка записи MX не удалась
Email alex@mail.ru Error: Email alex@mail.ru is invalid;
Email alex@mail.ru is valid
Email alex@mail.ru is valid
Email alex@mail.ru is valid
Email ann.tiger@hotmail.com is valid
Email ann.tiger@hotma.com is valid
Email ann.tiger@hotma.c Error: MX записи не найдены
Email ann.tiger@hotma.c Error: Email ann.tiger@hotma.c is invalid;
Email sokolov@nordicbook.ru is valid
Email sokolov@nordicboo.ru Error: MX записи не найдены
Email sokolov@nordicboo.ru Error: Email sokolov@nordicboo.ru is invalid;
Email star@inordic.ru is valid
Email star@ordic.ru Error: Проверка записи MX не удалась
Email star@ordic.ru Error: Email star@ordic.ru is invalid;
Email star|||@inordic.ru is valid
Email star@@@inordic.ru Error: Проверка записи MX не удалась
Email star@@@inordic.ru Error: Email star@@@inordic.ru is invalid;
Email star==@inordic.ru is valid
Email star\@inordic.ru is valid
Email @inordic.ru is valid
Email sdqw``@inordic.ru is valid
Email s@inordic.ru is valid
Email s@inordic.ru is valid
Email sЭЭ@inordic.ru is valid
Email ___sЭЭ@inordic.ru is valid
Email ___sЭЭ@inordic.ru is valid
Email ___sЭЭ@inordic.ru is valid
Email ___sЭЭ@inordic.ru is valid
Email ___sЭЭ@inordic.ru is valid
Email alex@inordic.ru is valid
Email alex@inordic.ru is valid
Email alex@inordic.ru is valid
Email alex@inordic.ru is valid
Email ~~~alex@inordic.ru is valid
Email ~~~alex@inordic.ru is valid
Email ~~~alex@inordic.ru is valid
Email ~~~alex@inordic.ru is valid
Email alex@inordic.ru is valid
Email alex@inordic.ru is valid
Email alex@inordic.ru is valid
Email alex@inordic.ru is valid
Email ~~~alex@inordic.ru is valid
Email ~~~alex@inordic.ru is valid
Email ~~~alex@inordic.ru is valid
Email ~~~alex@inordic.ru is valid
Email ~~~alex@inordic.ru is valid
Email ~~~alex@inordic.ru is valid
Email ~~~alex@inordic.ru is valid
Email ~~~alex@inordic.ru is valid
Email ~~~alex@inordic.ru is valid
Email ~~~alex@inordic.ru is valid
Email ~~~alex@inordic.ru is valid
Email ~~~alex@inordic.ru Error: Синтаксис email некорреткный
Email ~~~alex@inordic.ru Error: Email ~~~alex@inordic.ru is invalid;
Email ~~~alex@inordic.ru Error: Синтаксис email некорреткный
Email ~~~alex@inordic.ru Error: Email ~~~alex@inordic.ru is invalid;
Email ~~~alex@inordic.ru Error: Синтаксис email некорреткный
Email ~~~alex@inordic.ru Error: Email ~~~alex@inordic.ru is invalid;
Email ~~~alex@inordic.ru Error: Синтаксис email некорреткный
Email ~~~alex@inordic.ru Error: Email ~~~alex@inordic.ru is invalid;
Email ~~~alex@inordic.ru Error: Синтаксис email некорреткный
Email ~~~alex@inordic.ru Error: Email ~~~alex@inordic.ru is invalid;
Email alex@inordic.ru is valid
Email alex@inordic.ru is valid
