[2020-10-22 03:42:50] local.ERROR: file_put_contents(/data/otusapi.loc/storage/framework/views/f92314a6bee7b09a5928d4121f031d5205788694.php): failed to open stream: Permission denied {"exception":"[object] (ErrorException(code: 0): file_put_contents(/data/otusapi.loc/storage/framework/views/f92314a6bee7b09a5928d4121f031d5205788694.php): failed to open stream: Permission denied at /data/otusapi.loc/vendor/laravel/framework/src/Illuminate/Filesystem/Filesystem.php:185)
[stacktrace]
#0 [internal function]: Illuminate\\Foundation\\Bootstrap\\HandleExceptions->handleError()
#1 /data/otusapi.loc/vendor/laravel/framework/src/Illuminate/Filesystem/Filesystem.php(185): file_put_contents()
#2 /data/otusapi.loc/vendor/laravel/framework/src/Illuminate/View/Compilers/BladeCompiler.php(157): Illuminate\\Filesystem\\Filesystem->put()
#3 /data/otusapi.loc/vendor/laravel/framework/src/Illuminate/View/Engines/CompilerEngine.php(55): Illuminate\\View\\Compilers\\BladeCompiler->compile()
#4 /data/otusapi.loc/vendor/facade/ignition/src/Views/Engines/CompilerEngine.php(37): Illuminate\\View\\Engines\\CompilerEngine->get()
#5 /data/otusapi.loc/vendor/laravel/framework/src/Illuminate/View/View.php(139): Facade\\Ignition\\Views\\Engines\\CompilerEngine->get()
#6 /data/otusapi.loc/vendor/laravel/framework/src/Illuminate/View/View.php(122): Illuminate\\View\\View->getContents()
#7 /data/otusapi.loc/vendor/laravel/framework/src/Illuminate/View/View.php(91): Illuminate\\View\\View->renderContents()
#8 /data/otusapi.loc/vendor/laravel/framework/src/Illuminate/Http/Response.php(62): Illuminate\\View\\View->render()
#9 /data/otusapi.loc/vendor/laravel/framework/src/Illuminate/Http/Response.php(34): Illuminate\\Http\\Response->setContent()
#10 /data/otusapi.loc/vendor/laravel/framework/src/Illuminate/Routing/Router.php(765): Illuminate\\Http\\Response->__construct()
#11 /data/otusapi.loc/vendor/laravel/framework/src/Illuminate/Routing/Router.php(737): Illuminate\\Routing\\Router::toResponse()
#12 /data/otusapi.loc/vendor/laravel/framework/src/Illuminate/Routing/Router.php(691): Illuminate\\Routing\\Router->prepareResponse()
#13 /data/otusapi.loc/vendor/laravel/framework/src/Illuminate/Pipeline/Pipeline.php(128): Illuminate\\Routing\\Router->Illuminate\\Routing\\{closure}()
#14 /data/otusapi.loc/vendor/laravel/framework/src/Illuminate/Routing/Middleware/SubstituteBindings.php(41): Illuminate\\Pipeline\\Pipeline->Illuminate\\Pipeline\\{closure}()
#15 /data/otusapi.loc/vendor/laravel/framework/src/Illuminate/Pipeline/Pipeline.php(167): Illuminate\\Routing\\Middleware\\SubstituteBindings->handle()
#16 /data/otusapi.loc/vendor/laravel/framework/src/Illuminate/Foundation/Http/Middleware/VerifyCsrfToken.php(77): Illuminate\\Pipeline\\Pipeline->Illuminate\\Pipeline\\{closure}()
#17 /data/otusapi.loc/vendor/laravel/framework/src/Illuminate/Pipeline/Pipeline.php(167): Illuminate\\Foundation\\Http\\Middleware\\VerifyCsrfToken->handle()
#18 /data/otusapi.loc/vendor/laravel/framework/src/Illuminate/View/Middleware/ShareErrorsFromSession.php(49): Illuminate\\Pipeline\\Pipeline->Illuminate\\Pipeline\\{closure}()
#19 /data/otusapi.loc/vendor/laravel/framework/src/Illuminate/Pipeline/Pipeline.php(167): Illuminate\\View\\Middleware\\ShareErrorsFromSession->handle()
#20 /data/otusapi.loc/vendor/laravel/framework/src/Illuminate/Session/Middleware/StartSession.php(121): Illuminate\\Pipeline\\Pipeline->Illuminate\\Pipeline\\{closure}()
#21 /data/otusapi.loc/vendor/laravel/framework/src/Illuminate/Session/Middleware/StartSession.php(63): Illuminate\\Session\\Middleware\\StartSession->handleStatefulRequest()
#22 /data/otusapi.loc/vendor/laravel/framework/src/Illuminate/Pipeline/Pipeline.php(167): Illuminate\\Session\\Middleware\\StartSession->handle()
#23 /data/otusapi.loc/vendor/laravel/framework/src/Illuminate/Cookie/Middleware/AddQueuedCookiesToResponse.php(37): Illuminate\\Pipeline\\Pipeline->Illuminate\\Pipeline\\{closure}()
#24 /data/otusapi.loc/vendor/laravel/framework/src/Illuminate/Pipeline/Pipeline.php(167): Illuminate\\Cookie\\Middleware\\AddQueuedCookiesToResponse->handle()
#25 /data/otusapi.loc/vendor/laravel/framework/src/Illuminate/Cookie/Middleware/EncryptCookies.php(67): Illuminate\\Pipeline\\Pipeline->Illuminate\\Pipeline\\{closure}()
#26 /data/otusapi.loc/vendor/laravel/framework/src/Illuminate/Pipeline/Pipeline.php(167): Illuminate\\Cookie\\Middleware\\EncryptCookies->handle()
#27 /data/otusapi.loc/vendor/laravel/framework/src/Illuminate/Pipeline/Pipeline.php(103): Illuminate\\Pipeline\\Pipeline->Illuminate\\Pipeline\\{closure}()
#28 /data/otusapi.loc/vendor/laravel/framework/src/Illuminate/Routing/Router.php(693): Illuminate\\Pipeline\\Pipeline->then()
#29 /data/otusapi.loc/vendor/laravel/framework/src/Illuminate/Routing/Router.php(668): Illuminate\\Routing\\Router->runRouteWithinStack()
#30 /data/otusapi.loc/vendor/laravel/framework/src/Illuminate/Routing/Router.php(634): Illuminate\\Routing\\Router->runRoute()
#31 /data/otusapi.loc/vendor/laravel/framework/src/Illuminate/Routing/Router.php(623): Illuminate\\Routing\\Router->dispatchToRoute()
#32 /data/otusapi.loc/vendor/laravel/framework/src/Illuminate/Foundation/Http/Kernel.php(166): Illuminate\\Routing\\Router->dispatch()
#33 /data/otusapi.loc/vendor/laravel/framework/src/Illuminate/Pipeline/Pipeline.php(128): Illuminate\\Foundation\\Http\\Kernel->Illuminate\\Foundation\\Http\\{closure}()
#34 /data/otusapi.loc/vendor/laravel/framework/src/Illuminate/Foundation/Http/Middleware/TransformsRequest.php(21): Illuminate\\Pipeline\\Pipeline->Illuminate\\Pipeline\\{closure}()
#35 /data/otusapi.loc/vendor/laravel/framework/src/Illuminate/Pipeline/Pipeline.php(167): Illuminate\\Foundation\\Http\\Middleware\\TransformsRequest->handle()
#36 /data/otusapi.loc/vendor/laravel/framework/src/Illuminate/Foundation/Http/Middleware/TransformsRequest.php(21): Illuminate\\Pipeline\\Pipeline->Illuminate\\Pipeline\\{closure}()
#37 /data/otusapi.loc/vendor/laravel/framework/src/Illuminate/Pipeline/Pipeline.php(167): Illuminate\\Foundation\\Http\\Middleware\\TransformsRequest->handle()
#38 /data/otusapi.loc/vendor/laravel/framework/src/Illuminate/Foundation/Http/Middleware/ValidatePostSize.php(27): Illuminate\\Pipeline\\Pipeline->Illuminate\\Pipeline\\{closure}()
#39 /data/otusapi.loc/vendor/laravel/framework/src/Illuminate/Pipeline/Pipeline.php(167): Illuminate\\Foundation\\Http\\Middleware\\ValidatePostSize->handle()
#40 /data/otusapi.loc/vendor/laravel/framework/src/Illuminate/Foundation/Http/Middleware/PreventRequestsDuringMaintenance.php(87): Illuminate\\Pipeline\\Pipeline->Illuminate\\Pipeline\\{closure}()
#41 /data/otusapi.loc/vendor/laravel/framework/src/Illuminate/Pipeline/Pipeline.php(167): Illuminate\\Foundation\\Http\\Middleware\\PreventRequestsDuringMaintenance->handle()
#42 /data/otusapi.loc/vendor/fruitcake/laravel-cors/src/HandleCors.php(37): Illuminate\\Pipeline\\Pipeline->Illuminate\\Pipeline\\{closure}()
#43 /data/otusapi.loc/vendor/laravel/framework/src/Illuminate/Pipeline/Pipeline.php(167): Fruitcake\\Cors\\HandleCors->handle()
#44 /data/otusapi.loc/vendor/fideloper/proxy/src/TrustProxies.php(57): Illuminate\\Pipeline\\Pipeline->Illuminate\\Pipeline\\{closure}()
#45 /data/otusapi.loc/vendor/laravel/framework/src/Illuminate/Pipeline/Pipeline.php(167): Fideloper\\Proxy\\TrustProxies->handle()
#46 /data/otusapi.loc/vendor/laravel/framework/src/Illuminate/Pipeline/Pipeline.php(103): Illuminate\\Pipeline\\Pipeline->Illuminate\\Pipeline\\{closure}()
#47 /data/otusapi.loc/vendor/laravel/framework/src/Illuminate/Foundation/Http/Kernel.php(141): Illuminate\\Pipeline\\Pipeline->then()
#48 /data/otusapi.loc/vendor/laravel/framework/src/Illuminate/Foundation/Http/Kernel.php(110): Illuminate\\Foundation\\Http\\Kernel->sendRequestThroughRouter()
#49 /data/otusapi.loc/public/index.php(52): Illuminate\\Foundation\\Http\\Kernel->handle()
#50 {main}
"} 
[2020-10-22 03:42:50] local.ERROR: file_put_contents(/data/otusapi.loc/storage/framework/sessions/SB3bSf81LYbL9MHXxwLjDbVzRwVDKkIU4b4Graox): failed to open stream: Permission denied {"exception":"[object] (ErrorException(code: 0): file_put_contents(/data/otusapi.loc/storage/framework/sessions/SB3bSf81LYbL9MHXxwLjDbVzRwVDKkIU4b4Graox): failed to open stream: Permission denied at /data/otusapi.loc/vendor/laravel/framework/src/Illuminate/Filesystem/Filesystem.php:185)
[stacktrace]
#0 [internal function]: Illuminate\\Foundation\\Bootstrap\\HandleExceptions->handleError()
#1 /data/otusapi.loc/vendor/laravel/framework/src/Illuminate/Filesystem/Filesystem.php(185): file_put_contents()
#2 /data/otusapi.loc/vendor/laravel/framework/src/Illuminate/Session/FileSessionHandler.php(83): Illuminate\\Filesystem\\Filesystem->put()
#3 /data/otusapi.loc/vendor/laravel/framework/src/Illuminate/Session/Store.php(129): Illuminate\\Session\\FileSessionHandler->write()
#4 /data/otusapi.loc/vendor/laravel/framework/src/Illuminate/Session/Middleware/StartSession.php(236): Illuminate\\Session\\Store->save()
#5 /data/otusapi.loc/vendor/laravel/framework/src/Illuminate/Session/Middleware/StartSession.php(130): Illuminate\\Session\\Middleware\\StartSession->saveSession()
#6 /data/otusapi.loc/vendor/laravel/framework/src/Illuminate/Session/Middleware/StartSession.php(63): Illuminate\\Session\\Middleware\\StartSession->handleStatefulRequest()
#7 /data/otusapi.loc/vendor/laravel/framework/src/Illuminate/Pipeline/Pipeline.php(167): Illuminate\\Session\\Middleware\\StartSession->handle()
#8 /data/otusapi.loc/vendor/laravel/framework/src/Illuminate/Cookie/Middleware/AddQueuedCookiesToResponse.php(37): Illuminate\\Pipeline\\Pipeline->Illuminate\\Pipeline\\{closure}()
#9 /data/otusapi.loc/vendor/laravel/framework/src/Illuminate/Pipeline/Pipeline.php(167): Illuminate\\Cookie\\Middleware\\AddQueuedCookiesToResponse->handle()
#10 /data/otusapi.loc/vendor/laravel/framework/src/Illuminate/Cookie/Middleware/EncryptCookies.php(67): Illuminate\\Pipeline\\Pipeline->Illuminate\\Pipeline\\{closure}()
#11 /data/otusapi.loc/vendor/laravel/framework/src/Illuminate/Pipeline/Pipeline.php(167): Illuminate\\Cookie\\Middleware\\EncryptCookies->handle()
#12 /data/otusapi.loc/vendor/laravel/framework/src/Illuminate/Pipeline/Pipeline.php(103): Illuminate\\Pipeline\\Pipeline->Illuminate\\Pipeline\\{closure}()
#13 /data/otusapi.loc/vendor/laravel/framework/src/Illuminate/Routing/Router.php(693): Illuminate\\Pipeline\\Pipeline->then()
#14 /data/otusapi.loc/vendor/laravel/framework/src/Illuminate/Routing/Router.php(668): Illuminate\\Routing\\Router->runRouteWithinStack()
#15 /data/otusapi.loc/vendor/laravel/framework/src/Illuminate/Routing/Router.php(634): Illuminate\\Routing\\Router->runRoute()
#16 /data/otusapi.loc/vendor/laravel/framework/src/Illuminate/Routing/Router.php(623): Illuminate\\Routing\\Router->dispatchToRoute()
#17 /data/otusapi.loc/vendor/laravel/framework/src/Illuminate/Foundation/Http/Kernel.php(166): Illuminate\\Routing\\Router->dispatch()
#18 /data/otusapi.loc/vendor/laravel/framework/src/Illuminate/Pipeline/Pipeline.php(128): Illuminate\\Foundation\\Http\\Kernel->Illuminate\\Foundation\\Http\\{closure}()
#19 /data/otusapi.loc/vendor/laravel/framework/src/Illuminate/Foundation/Http/Middleware/TransformsRequest.php(21): Illuminate\\Pipeline\\Pipeline->Illuminate\\Pipeline\\{closure}()
#20 /data/otusapi.loc/vendor/laravel/framework/src/Illuminate/Pipeline/Pipeline.php(167): Illuminate\\Foundation\\Http\\Middleware\\TransformsRequest->handle()
#21 /data/otusapi.loc/vendor/laravel/framework/src/Illuminate/Foundation/Http/Middleware/TransformsRequest.php(21): Illuminate\\Pipeline\\Pipeline->Illuminate\\Pipeline\\{closure}()
#22 /data/otusapi.loc/vendor/laravel/framework/src/Illuminate/Pipeline/Pipeline.php(167): Illuminate\\Foundation\\Http\\Middleware\\TransformsRequest->handle()
#23 /data/otusapi.loc/vendor/laravel/framework/src/Illuminate/Foundation/Http/Middleware/ValidatePostSize.php(27): Illuminate\\Pipeline\\Pipeline->Illuminate\\Pipeline\\{closure}()
#24 /data/otusapi.loc/vendor/laravel/framework/src/Illuminate/Pipeline/Pipeline.php(167): Illuminate\\Foundation\\Http\\Middleware\\ValidatePostSize->handle()
#25 /data/otusapi.loc/vendor/laravel/framework/src/Illuminate/Foundation/Http/Middleware/PreventRequestsDuringMaintenance.php(87): Illuminate\\Pipeline\\Pipeline->Illuminate\\Pipeline\\{closure}()
#26 /data/otusapi.loc/vendor/laravel/framework/src/Illuminate/Pipeline/Pipeline.php(167): Illuminate\\Foundation\\Http\\Middleware\\PreventRequestsDuringMaintenance->handle()
#27 /data/otusapi.loc/vendor/fruitcake/laravel-cors/src/HandleCors.php(37): Illuminate\\Pipeline\\Pipeline->Illuminate\\Pipeline\\{closure}()
#28 /data/otusapi.loc/vendor/laravel/framework/src/Illuminate/Pipeline/Pipeline.php(167): Fruitcake\\Cors\\HandleCors->handle()
#29 /data/otusapi.loc/vendor/fideloper/proxy/src/TrustProxies.php(57): Illuminate\\Pipeline\\Pipeline->Illuminate\\Pipeline\\{closure}()
#30 /data/otusapi.loc/vendor/laravel/framework/src/Illuminate/Pipeline/Pipeline.php(167): Fideloper\\Proxy\\TrustProxies->handle()
#31 /data/otusapi.loc/vendor/laravel/framework/src/Illuminate/Pipeline/Pipeline.php(103): Illuminate\\Pipeline\\Pipeline->Illuminate\\Pipeline\\{closure}()
#32 /data/otusapi.loc/vendor/laravel/framework/src/Illuminate/Foundation/Http/Kernel.php(141): Illuminate\\Pipeline\\Pipeline->then()
#33 /data/otusapi.loc/vendor/laravel/framework/src/Illuminate/Foundation/Http/Kernel.php(110): Illuminate\\Foundation\\Http\\Kernel->sendRequestThroughRouter()
#34 /data/otusapi.loc/public/index.php(52): Illuminate\\Foundation\\Http\\Kernel->handle()
#35 {main}
"} 
[2020-10-22 03:49:28] local.ERROR: file_put_contents(/data/otusapi.loc/storage/framework/views/f92314a6bee7b09a5928d4121f031d5205788694.php): failed to open stream: Permission denied {"exception":"[object] (ErrorException(code: 0): file_put_contents(/data/otusapi.loc/storage/framework/views/f92314a6bee7b09a5928d4121f031d5205788694.php): failed to open stream: Permission denied at /data/otusapi.loc/vendor/laravel/framework/src/Illuminate/Filesystem/Filesystem.php:185)
[stacktrace]
#0 [internal function]: Illuminate\\Foundation\\Bootstrap\\HandleExceptions->handleError()
#1 /data/otusapi.loc/vendor/laravel/framework/src/Illuminate/Filesystem/Filesystem.php(185): file_put_contents()
#2 /data/otusapi.loc/vendor/laravel/framework/src/Illuminate/View/Compilers/BladeCompiler.php(157): Illuminate\\Filesystem\\Filesystem->put()
#3 /data/otusapi.loc/vendor/laravel/framework/src/Illuminate/View/Engines/CompilerEngine.php(55): Illuminate\\View\\Compilers\\BladeCompiler->compile()
#4 /data/otusapi.loc/vendor/facade/ignition/src/Views/Engines/CompilerEngine.php(37): Illuminate\\View\\Engines\\CompilerEngine->get()
#5 /data/otusapi.loc/vendor/laravel/framework/src/Illuminate/View/View.php(139): Facade\\Ignition\\Views\\Engines\\CompilerEngine->get()
#6 /data/otusapi.loc/vendor/laravel/framework/src/Illuminate/View/View.php(122): Illuminate\\View\\View->getContents()
#7 /data/otusapi.loc/vendor/laravel/framework/src/Illuminate/View/View.php(91): Illuminate\\View\\View->renderContents()
#8 /data/otusapi.loc/vendor/laravel/framework/src/Illuminate/Http/Response.php(62): Illuminate\\View\\View->render()
#9 /data/otusapi.loc/vendor/laravel/framework/src/Illuminate/Http/Response.php(34): Illuminate\\Http\\Response->setContent()
#10 /data/otusapi.loc/vendor/laravel/framework/src/Illuminate/Routing/Router.php(765): Illuminate\\Http\\Response->__construct()
#11 /data/otusapi.loc/vendor/laravel/framework/src/Illuminate/Routing/Router.php(737): Illuminate\\Routing\\Router::toResponse()
#12 /data/otusapi.loc/vendor/laravel/framework/src/Illuminate/Routing/Router.php(691): Illuminate\\Routing\\Router->prepareResponse()
#13 /data/otusapi.loc/vendor/laravel/framework/src/Illuminate/Pipeline/Pipeline.php(128): Illuminate\\Routing\\Router->Illuminate\\Routing\\{closure}()
#14 /data/otusapi.loc/vendor/laravel/framework/src/Illuminate/Routing/Middleware/SubstituteBindings.php(41): Illuminate\\Pipeline\\Pipeline->Illuminate\\Pipeline\\{closure}()
#15 /data/otusapi.loc/vendor/laravel/framework/src/Illuminate/Pipeline/Pipeline.php(167): Illuminate\\Routing\\Middleware\\SubstituteBindings->handle()
#16 /data/otusapi.loc/vendor/laravel/framework/src/Illuminate/Foundation/Http/Middleware/VerifyCsrfToken.php(77): Illuminate\\Pipeline\\Pipeline->Illuminate\\Pipeline\\{closure}()
#17 /data/otusapi.loc/vendor/laravel/framework/src/Illuminate/Pipeline/Pipeline.php(167): Illuminate\\Foundation\\Http\\Middleware\\VerifyCsrfToken->handle()
#18 /data/otusapi.loc/vendor/laravel/framework/src/Illuminate/View/Middleware/ShareErrorsFromSession.php(49): Illuminate\\Pipeline\\Pipeline->Illuminate\\Pipeline\\{closure}()
#19 /data/otusapi.loc/vendor/laravel/framework/src/Illuminate/Pipeline/Pipeline.php(167): Illuminate\\View\\Middleware\\ShareErrorsFromSession->handle()
#20 /data/otusapi.loc/vendor/laravel/framework/src/Illuminate/Session/Middleware/StartSession.php(121): Illuminate\\Pipeline\\Pipeline->Illuminate\\Pipeline\\{closure}()
#21 /data/otusapi.loc/vendor/laravel/framework/src/Illuminate/Session/Middleware/StartSession.php(63): Illuminate\\Session\\Middleware\\StartSession->handleStatefulRequest()
#22 /data/otusapi.loc/vendor/laravel/framework/src/Illuminate/Pipeline/Pipeline.php(167): Illuminate\\Session\\Middleware\\StartSession->handle()
#23 /data/otusapi.loc/vendor/laravel/framework/src/Illuminate/Cookie/Middleware/AddQueuedCookiesToResponse.php(37): Illuminate\\Pipeline\\Pipeline->Illuminate\\Pipeline\\{closure}()
#24 /data/otusapi.loc/vendor/laravel/framework/src/Illuminate/Pipeline/Pipeline.php(167): Illuminate\\Cookie\\Middleware\\AddQueuedCookiesToResponse->handle()
#25 /data/otusapi.loc/vendor/laravel/framework/src/Illuminate/Cookie/Middleware/EncryptCookies.php(67): Illuminate\\Pipeline\\Pipeline->Illuminate\\Pipeline\\{closure}()
#26 /data/otusapi.loc/vendor/laravel/framework/src/Illuminate/Pipeline/Pipeline.php(167): Illuminate\\Cookie\\Middleware\\EncryptCookies->handle()
#27 /data/otusapi.loc/vendor/laravel/framework/src/Illuminate/Pipeline/Pipeline.php(103): Illuminate\\Pipeline\\Pipeline->Illuminate\\Pipeline\\{closure}()
#28 /data/otusapi.loc/vendor/laravel/framework/src/Illuminate/Routing/Router.php(693): Illuminate\\Pipeline\\Pipeline->then()
#29 /data/otusapi.loc/vendor/laravel/framework/src/Illuminate/Routing/Router.php(668): Illuminate\\Routing\\Router->runRouteWithinStack()
#30 /data/otusapi.loc/vendor/laravel/framework/src/Illuminate/Routing/Router.php(634): Illuminate\\Routing\\Router->runRoute()
#31 /data/otusapi.loc/vendor/laravel/framework/src/Illuminate/Routing/Router.php(623): Illuminate\\Routing\\Router->dispatchToRoute()
#32 /data/otusapi.loc/vendor/laravel/framework/src/Illuminate/Foundation/Http/Kernel.php(166): Illuminate\\Routing\\Router->dispatch()
#33 /data/otusapi.loc/vendor/laravel/framework/src/Illuminate/Pipeline/Pipeline.php(128): Illuminate\\Foundation\\Http\\Kernel->Illuminate\\Foundation\\Http\\{closure}()
#34 /data/otusapi.loc/vendor/laravel/framework/src/Illuminate/Foundation/Http/Middleware/TransformsRequest.php(21): Illuminate\\Pipeline\\Pipeline->Illuminate\\Pipeline\\{closure}()
#35 /data/otusapi.loc/vendor/laravel/framework/src/Illuminate/Pipeline/Pipeline.php(167): Illuminate\\Foundation\\Http\\Middleware\\TransformsRequest->handle()
#36 /data/otusapi.loc/vendor/laravel/framework/src/Illuminate/Foundation/Http/Middleware/TransformsRequest.php(21): Illuminate\\Pipeline\\Pipeline->Illuminate\\Pipeline\\{closure}()
#37 /data/otusapi.loc/vendor/laravel/framework/src/Illuminate/Pipeline/Pipeline.php(167): Illuminate\\Foundation\\Http\\Middleware\\TransformsRequest->handle()
#38 /data/otusapi.loc/vendor/laravel/framework/src/Illuminate/Foundation/Http/Middleware/ValidatePostSize.php(27): Illuminate\\Pipeline\\Pipeline->Illuminate\\Pipeline\\{closure}()
#39 /data/otusapi.loc/vendor/laravel/framework/src/Illuminate/Pipeline/Pipeline.php(167): Illuminate\\Foundation\\Http\\Middleware\\ValidatePostSize->handle()
#40 /data/otusapi.loc/vendor/laravel/framework/src/Illuminate/Foundation/Http/Middleware/PreventRequestsDuringMaintenance.php(87): Illuminate\\Pipeline\\Pipeline->Illuminate\\Pipeline\\{closure}()
#41 /data/otusapi.loc/vendor/laravel/framework/src/Illuminate/Pipeline/Pipeline.php(167): Illuminate\\Foundation\\Http\\Middleware\\PreventRequestsDuringMaintenance->handle()
#42 /data/otusapi.loc/vendor/fruitcake/laravel-cors/src/HandleCors.php(37): Illuminate\\Pipeline\\Pipeline->Illuminate\\Pipeline\\{closure}()
#43 /data/otusapi.loc/vendor/laravel/framework/src/Illuminate/Pipeline/Pipeline.php(167): Fruitcake\\Cors\\HandleCors->handle()
#44 /data/otusapi.loc/vendor/fideloper/proxy/src/TrustProxies.php(57): Illuminate\\Pipeline\\Pipeline->Illuminate\\Pipeline\\{closure}()
#45 /data/otusapi.loc/vendor/laravel/framework/src/Illuminate/Pipeline/Pipeline.php(167): Fideloper\\Proxy\\TrustProxies->handle()
#46 /data/otusapi.loc/vendor/laravel/framework/src/Illuminate/Pipeline/Pipeline.php(103): Illuminate\\Pipeline\\Pipeline->Illuminate\\Pipeline\\{closure}()
#47 /data/otusapi.loc/vendor/laravel/framework/src/Illuminate/Foundation/Http/Kernel.php(141): Illuminate\\Pipeline\\Pipeline->then()
#48 /data/otusapi.loc/vendor/laravel/framework/src/Illuminate/Foundation/Http/Kernel.php(110): Illuminate\\Foundation\\Http\\Kernel->sendRequestThroughRouter()
#49 /data/otusapi.loc/public/index.php(52): Illuminate\\Foundation\\Http\\Kernel->handle()
#50 {main}
"} 
[2020-10-22 03:49:28] local.ERROR: file_put_contents(/data/otusapi.loc/storage/framework/sessions/JJcmlYrp7sLYbXgjB5KOyTiXPWf8MSMH4UT7LWXZ): failed to open stream: Permission denied {"exception":"[object] (ErrorException(code: 0): file_put_contents(/data/otusapi.loc/storage/framework/sessions/JJcmlYrp7sLYbXgjB5KOyTiXPWf8MSMH4UT7LWXZ): failed to open stream: Permission denied at /data/otusapi.loc/vendor/laravel/framework/src/Illuminate/Filesystem/Filesystem.php:185)
[stacktrace]
#0 [internal function]: Illuminate\\Foundation\\Bootstrap\\HandleExceptions->handleError()
#1 /data/otusapi.loc/vendor/laravel/framework/src/Illuminate/Filesystem/Filesystem.php(185): file_put_contents()
#2 /data/otusapi.loc/vendor/laravel/framework/src/Illuminate/Session/FileSessionHandler.php(83): Illuminate\\Filesystem\\Filesystem->put()
#3 /data/otusapi.loc/vendor/laravel/framework/src/Illuminate/Session/Store.php(129): Illuminate\\Session\\FileSessionHandler->write()
#4 /data/otusapi.loc/vendor/laravel/framework/src/Illuminate/Session/Middleware/StartSession.php(236): Illuminate\\Session\\Store->save()
#5 /data/otusapi.loc/vendor/laravel/framework/src/Illuminate/Session/Middleware/StartSession.php(130): Illuminate\\Session\\Middleware\\StartSession->saveSession()
#6 /data/otusapi.loc/vendor/laravel/framework/src/Illuminate/Session/Middleware/StartSession.php(63): Illuminate\\Session\\Middleware\\StartSession->handleStatefulRequest()
#7 /data/otusapi.loc/vendor/laravel/framework/src/Illuminate/Pipeline/Pipeline.php(167): Illuminate\\Session\\Middleware\\StartSession->handle()
#8 /data/otusapi.loc/vendor/laravel/framework/src/Illuminate/Cookie/Middleware/AddQueuedCookiesToResponse.php(37): Illuminate\\Pipeline\\Pipeline->Illuminate\\Pipeline\\{closure}()
#9 /data/otusapi.loc/vendor/laravel/framework/src/Illuminate/Pipeline/Pipeline.php(167): Illuminate\\Cookie\\Middleware\\AddQueuedCookiesToResponse->handle()
#10 /data/otusapi.loc/vendor/laravel/framework/src/Illuminate/Cookie/Middleware/EncryptCookies.php(67): Illuminate\\Pipeline\\Pipeline->Illuminate\\Pipeline\\{closure}()
#11 /data/otusapi.loc/vendor/laravel/framework/src/Illuminate/Pipeline/Pipeline.php(167): Illuminate\\Cookie\\Middleware\\EncryptCookies->handle()
#12 /data/otusapi.loc/vendor/laravel/framework/src/Illuminate/Pipeline/Pipeline.php(103): Illuminate\\Pipeline\\Pipeline->Illuminate\\Pipeline\\{closure}()
#13 /data/otusapi.loc/vendor/laravel/framework/src/Illuminate/Routing/Router.php(693): Illuminate\\Pipeline\\Pipeline->then()
#14 /data/otusapi.loc/vendor/laravel/framework/src/Illuminate/Routing/Router.php(668): Illuminate\\Routing\\Router->runRouteWithinStack()
#15 /data/otusapi.loc/vendor/laravel/framework/src/Illuminate/Routing/Router.php(634): Illuminate\\Routing\\Router->runRoute()
#16 /data/otusapi.loc/vendor/laravel/framework/src/Illuminate/Routing/Router.php(623): Illuminate\\Routing\\Router->dispatchToRoute()
#17 /data/otusapi.loc/vendor/laravel/framework/src/Illuminate/Foundation/Http/Kernel.php(166): Illuminate\\Routing\\Router->dispatch()
#18 /data/otusapi.loc/vendor/laravel/framework/src/Illuminate/Pipeline/Pipeline.php(128): Illuminate\\Foundation\\Http\\Kernel->Illuminate\\Foundation\\Http\\{closure}()
#19 /data/otusapi.loc/vendor/laravel/framework/src/Illuminate/Foundation/Http/Middleware/TransformsRequest.php(21): Illuminate\\Pipeline\\Pipeline->Illuminate\\Pipeline\\{closure}()
#20 /data/otusapi.loc/vendor/laravel/framework/src/Illuminate/Pipeline/Pipeline.php(167): Illuminate\\Foundation\\Http\\Middleware\\TransformsRequest->handle()
#21 /data/otusapi.loc/vendor/laravel/framework/src/Illuminate/Foundation/Http/Middleware/TransformsRequest.php(21): Illuminate\\Pipeline\\Pipeline->Illuminate\\Pipeline\\{closure}()
#22 /data/otusapi.loc/vendor/laravel/framework/src/Illuminate/Pipeline/Pipeline.php(167): Illuminate\\Foundation\\Http\\Middleware\\TransformsRequest->handle()
#23 /data/otusapi.loc/vendor/laravel/framework/src/Illuminate/Foundation/Http/Middleware/ValidatePostSize.php(27): Illuminate\\Pipeline\\Pipeline->Illuminate\\Pipeline\\{closure}()
#24 /data/otusapi.loc/vendor/laravel/framework/src/Illuminate/Pipeline/Pipeline.php(167): Illuminate\\Foundation\\Http\\Middleware\\ValidatePostSize->handle()
#25 /data/otusapi.loc/vendor/laravel/framework/src/Illuminate/Foundation/Http/Middleware/PreventRequestsDuringMaintenance.php(87): Illuminate\\Pipeline\\Pipeline->Illuminate\\Pipeline\\{closure}()
#26 /data/otusapi.loc/vendor/laravel/framework/src/Illuminate/Pipeline/Pipeline.php(167): Illuminate\\Foundation\\Http\\Middleware\\PreventRequestsDuringMaintenance->handle()
#27 /data/otusapi.loc/vendor/fruitcake/laravel-cors/src/HandleCors.php(37): Illuminate\\Pipeline\\Pipeline->Illuminate\\Pipeline\\{closure}()
#28 /data/otusapi.loc/vendor/laravel/framework/src/Illuminate/Pipeline/Pipeline.php(167): Fruitcake\\Cors\\HandleCors->handle()
#29 /data/otusapi.loc/vendor/fideloper/proxy/src/TrustProxies.php(57): Illuminate\\Pipeline\\Pipeline->Illuminate\\Pipeline\\{closure}()
#30 /data/otusapi.loc/vendor/laravel/framework/src/Illuminate/Pipeline/Pipeline.php(167): Fideloper\\Proxy\\TrustProxies->handle()
#31 /data/otusapi.loc/vendor/laravel/framework/src/Illuminate/Pipeline/Pipeline.php(103): Illuminate\\Pipeline\\Pipeline->Illuminate\\Pipeline\\{closure}()
#32 /data/otusapi.loc/vendor/laravel/framework/src/Illuminate/Foundation/Http/Kernel.php(141): Illuminate\\Pipeline\\Pipeline->then()
#33 /data/otusapi.loc/vendor/laravel/framework/src/Illuminate/Foundation/Http/Kernel.php(110): Illuminate\\Foundation\\Http\\Kernel->sendRequestThroughRouter()
#34 /data/otusapi.loc/public/index.php(52): Illuminate\\Foundation\\Http\\Kernel->handle()
#35 {main}
"} 
[2020-10-22 04:35:07] local.ERROR: file_put_contents(/data/otusapi.loc/storage/framework/views/f92314a6bee7b09a5928d4121f031d5205788694.php): failed to open stream: Permission denied {"exception":"[object] (ErrorException(code: 0): file_put_contents(/data/otusapi.loc/storage/framework/views/f92314a6bee7b09a5928d4121f031d5205788694.php): failed to open stream: Permission denied at /data/otusapi.loc/vendor/laravel/framework/src/Illuminate/Filesystem/Filesystem.php:185)
[stacktrace]
#0 [internal function]: Illuminate\\Foundation\\Bootstrap\\HandleExceptions->handleError()
#1 /data/otusapi.loc/vendor/laravel/framework/src/Illuminate/Filesystem/Filesystem.php(185): file_put_contents()
#2 /data/otusapi.loc/vendor/laravel/framework/src/Illuminate/View/Compilers/BladeCompiler.php(157): Illuminate\\Filesystem\\Filesystem->put()
#3 /data/otusapi.loc/vendor/laravel/framework/src/Illuminate/View/Engines/CompilerEngine.php(55): Illuminate\\View\\Compilers\\BladeCompiler->compile()
#4 /data/otusapi.loc/vendor/facade/ignition/src/Views/Engines/CompilerEngine.php(37): Illuminate\\View\\Engines\\CompilerEngine->get()
#5 /data/otusapi.loc/vendor/laravel/framework/src/Illuminate/View/View.php(139): Facade\\Ignition\\Views\\Engines\\CompilerEngine->get()
#6 /data/otusapi.loc/vendor/laravel/framework/src/Illuminate/View/View.php(122): Illuminate\\View\\View->getContents()
#7 /data/otusapi.loc/vendor/laravel/framework/src/Illuminate/View/View.php(91): Illuminate\\View\\View->renderContents()
#8 /data/otusapi.loc/vendor/laravel/framework/src/Illuminate/Http/Response.php(62): Illuminate\\View\\View->render()
#9 /data/otusapi.loc/vendor/laravel/framework/src/Illuminate/Http/Response.php(34): Illuminate\\Http\\Response->setContent()
#10 /data/otusapi.loc/vendor/laravel/framework/src/Illuminate/Routing/Router.php(765): Illuminate\\Http\\Response->__construct()
#11 /data/otusapi.loc/vendor/laravel/framework/src/Illuminate/Routing/Router.php(737): Illuminate\\Routing\\Router::toResponse()
#12 /data/otusapi.loc/vendor/laravel/framework/src/Illuminate/Routing/Router.php(691): Illuminate\\Routing\\Router->prepareResponse()
#13 /data/otusapi.loc/vendor/laravel/framework/src/Illuminate/Pipeline/Pipeline.php(128): Illuminate\\Routing\\Router->Illuminate\\Routing\\{closure}()
#14 /data/otusapi.loc/vendor/laravel/framework/src/Illuminate/Routing/Middleware/SubstituteBindings.php(41): Illuminate\\Pipeline\\Pipeline->Illuminate\\Pipeline\\{closure}()
#15 /data/otusapi.loc/vendor/laravel/framework/src/Illuminate/Pipeline/Pipeline.php(167): Illuminate\\Routing\\Middleware\\SubstituteBindings->handle()
#16 /data/otusapi.loc/vendor/laravel/framework/src/Illuminate/Foundation/Http/Middleware/VerifyCsrfToken.php(77): Illuminate\\Pipeline\\Pipeline->Illuminate\\Pipeline\\{closure}()
#17 /data/otusapi.loc/vendor/laravel/framework/src/Illuminate/Pipeline/Pipeline.php(167): Illuminate\\Foundation\\Http\\Middleware\\VerifyCsrfToken->handle()
#18 /data/otusapi.loc/vendor/laravel/framework/src/Illuminate/View/Middleware/ShareErrorsFromSession.php(49): Illuminate\\Pipeline\\Pipeline->Illuminate\\Pipeline\\{closure}()
#19 /data/otusapi.loc/vendor/laravel/framework/src/Illuminate/Pipeline/Pipeline.php(167): Illuminate\\View\\Middleware\\ShareErrorsFromSession->handle()
#20 /data/otusapi.loc/vendor/laravel/framework/src/Illuminate/Session/Middleware/StartSession.php(121): Illuminate\\Pipeline\\Pipeline->Illuminate\\Pipeline\\{closure}()
#21 /data/otusapi.loc/vendor/laravel/framework/src/Illuminate/Session/Middleware/StartSession.php(63): Illuminate\\Session\\Middleware\\StartSession->handleStatefulRequest()
#22 /data/otusapi.loc/vendor/laravel/framework/src/Illuminate/Pipeline/Pipeline.php(167): Illuminate\\Session\\Middleware\\StartSession->handle()
#23 /data/otusapi.loc/vendor/laravel/framework/src/Illuminate/Cookie/Middleware/AddQueuedCookiesToResponse.php(37): Illuminate\\Pipeline\\Pipeline->Illuminate\\Pipeline\\{closure}()
#24 /data/otusapi.loc/vendor/laravel/framework/src/Illuminate/Pipeline/Pipeline.php(167): Illuminate\\Cookie\\Middleware\\AddQueuedCookiesToResponse->handle()
#25 /data/otusapi.loc/vendor/laravel/framework/src/Illuminate/Cookie/Middleware/EncryptCookies.php(67): Illuminate\\Pipeline\\Pipeline->Illuminate\\Pipeline\\{closure}()
#26 /data/otusapi.loc/vendor/laravel/framework/src/Illuminate/Pipeline/Pipeline.php(167): Illuminate\\Cookie\\Middleware\\EncryptCookies->handle()
#27 /data/otusapi.loc/vendor/laravel/framework/src/Illuminate/Pipeline/Pipeline.php(103): Illuminate\\Pipeline\\Pipeline->Illuminate\\Pipeline\\{closure}()
#28 /data/otusapi.loc/vendor/laravel/framework/src/Illuminate/Routing/Router.php(693): Illuminate\\Pipeline\\Pipeline->then()
#29 /data/otusapi.loc/vendor/laravel/framework/src/Illuminate/Routing/Router.php(668): Illuminate\\Routing\\Router->runRouteWithinStack()
#30 /data/otusapi.loc/vendor/laravel/framework/src/Illuminate/Routing/Router.php(634): Illuminate\\Routing\\Router->runRoute()
#31 /data/otusapi.loc/vendor/laravel/framework/src/Illuminate/Routing/Router.php(623): Illuminate\\Routing\\Router->dispatchToRoute()
#32 /data/otusapi.loc/vendor/laravel/framework/src/Illuminate/Foundation/Http/Kernel.php(166): Illuminate\\Routing\\Router->dispatch()
#33 /data/otusapi.loc/vendor/laravel/framework/src/Illuminate/Pipeline/Pipeline.php(128): Illuminate\\Foundation\\Http\\Kernel->Illuminate\\Foundation\\Http\\{closure}()
#34 /data/otusapi.loc/vendor/laravel/framework/src/Illuminate/Foundation/Http/Middleware/TransformsRequest.php(21): Illuminate\\Pipeline\\Pipeline->Illuminate\\Pipeline\\{closure}()
#35 /data/otusapi.loc/vendor/laravel/framework/src/Illuminate/Pipeline/Pipeline.php(167): Illuminate\\Foundation\\Http\\Middleware\\TransformsRequest->handle()
#36 /data/otusapi.loc/vendor/laravel/framework/src/Illuminate/Foundation/Http/Middleware/TransformsRequest.php(21): Illuminate\\Pipeline\\Pipeline->Illuminate\\Pipeline\\{closure}()
#37 /data/otusapi.loc/vendor/laravel/framework/src/Illuminate/Pipeline/Pipeline.php(167): Illuminate\\Foundation\\Http\\Middleware\\TransformsRequest->handle()
#38 /data/otusapi.loc/vendor/laravel/framework/src/Illuminate/Foundation/Http/Middleware/ValidatePostSize.php(27): Illuminate\\Pipeline\\Pipeline->Illuminate\\Pipeline\\{closure}()
#39 /data/otusapi.loc/vendor/laravel/framework/src/Illuminate/Pipeline/Pipeline.php(167): Illuminate\\Foundation\\Http\\Middleware\\ValidatePostSize->handle()
#40 /data/otusapi.loc/vendor/laravel/framework/src/Illuminate/Foundation/Http/Middleware/PreventRequestsDuringMaintenance.php(87): Illuminate\\Pipeline\\Pipeline->Illuminate\\Pipeline\\{closure}()
#41 /data/otusapi.loc/vendor/laravel/framework/src/Illuminate/Pipeline/Pipeline.php(167): Illuminate\\Foundation\\Http\\Middleware\\PreventRequestsDuringMaintenance->handle()
#42 /data/otusapi.loc/vendor/fruitcake/laravel-cors/src/HandleCors.php(37): Illuminate\\Pipeline\\Pipeline->Illuminate\\Pipeline\\{closure}()
#43 /data/otusapi.loc/vendor/laravel/framework/src/Illuminate/Pipeline/Pipeline.php(167): Fruitcake\\Cors\\HandleCors->handle()
#44 /data/otusapi.loc/vendor/fideloper/proxy/src/TrustProxies.php(57): Illuminate\\Pipeline\\Pipeline->Illuminate\\Pipeline\\{closure}()
#45 /data/otusapi.loc/vendor/laravel/framework/src/Illuminate/Pipeline/Pipeline.php(167): Fideloper\\Proxy\\TrustProxies->handle()
#46 /data/otusapi.loc/vendor/laravel/framework/src/Illuminate/Pipeline/Pipeline.php(103): Illuminate\\Pipeline\\Pipeline->Illuminate\\Pipeline\\{closure}()
#47 /data/otusapi.loc/vendor/laravel/framework/src/Illuminate/Foundation/Http/Kernel.php(141): Illuminate\\Pipeline\\Pipeline->then()
#48 /data/otusapi.loc/vendor/laravel/framework/src/Illuminate/Foundation/Http/Kernel.php(110): Illuminate\\Foundation\\Http\\Kernel->sendRequestThroughRouter()
#49 /data/otusapi.loc/public/index.php(52): Illuminate\\Foundation\\Http\\Kernel->handle()
#50 {main}
"} 
[2020-10-22 04:35:07] local.ERROR: file_put_contents(/data/otusapi.loc/storage/framework/sessions/rrNxowcVDKu7PLtXSr4z1XJBzqa4N7BWrD8bagZl): failed to open stream: Permission denied {"exception":"[object] (ErrorException(code: 0): file_put_contents(/data/otusapi.loc/storage/framework/sessions/rrNxowcVDKu7PLtXSr4z1XJBzqa4N7BWrD8bagZl): failed to open stream: Permission denied at /data/otusapi.loc/vendor/laravel/framework/src/Illuminate/Filesystem/Filesystem.php:185)
[stacktrace]
#0 [internal function]: Illuminate\\Foundation\\Bootstrap\\HandleExceptions->handleError()
#1 /data/otusapi.loc/vendor/laravel/framework/src/Illuminate/Filesystem/Filesystem.php(185): file_put_contents()
#2 /data/otusapi.loc/vendor/laravel/framework/src/Illuminate/Session/FileSessionHandler.php(83): Illuminate\\Filesystem\\Filesystem->put()
#3 /data/otusapi.loc/vendor/laravel/framework/src/Illuminate/Session/Store.php(129): Illuminate\\Session\\FileSessionHandler->write()
#4 /data/otusapi.loc/vendor/laravel/framework/src/Illuminate/Session/Middleware/StartSession.php(236): Illuminate\\Session\\Store->save()
#5 /data/otusapi.loc/vendor/laravel/framework/src/Illuminate/Session/Middleware/StartSession.php(130): Illuminate\\Session\\Middleware\\StartSession->saveSession()
#6 /data/otusapi.loc/vendor/laravel/framework/src/Illuminate/Session/Middleware/StartSession.php(63): Illuminate\\Session\\Middleware\\StartSession->handleStatefulRequest()
#7 /data/otusapi.loc/vendor/laravel/framework/src/Illuminate/Pipeline/Pipeline.php(167): Illuminate\\Session\\Middleware\\StartSession->handle()
#8 /data/otusapi.loc/vendor/laravel/framework/src/Illuminate/Cookie/Middleware/AddQueuedCookiesToResponse.php(37): Illuminate\\Pipeline\\Pipeline->Illuminate\\Pipeline\\{closure}()
#9 /data/otusapi.loc/vendor/laravel/framework/src/Illuminate/Pipeline/Pipeline.php(167): Illuminate\\Cookie\\Middleware\\AddQueuedCookiesToResponse->handle()
#10 /data/otusapi.loc/vendor/laravel/framework/src/Illuminate/Cookie/Middleware/EncryptCookies.php(67): Illuminate\\Pipeline\\Pipeline->Illuminate\\Pipeline\\{closure}()
#11 /data/otusapi.loc/vendor/laravel/framework/src/Illuminate/Pipeline/Pipeline.php(167): Illuminate\\Cookie\\Middleware\\EncryptCookies->handle()
#12 /data/otusapi.loc/vendor/laravel/framework/src/Illuminate/Pipeline/Pipeline.php(103): Illuminate\\Pipeline\\Pipeline->Illuminate\\Pipeline\\{closure}()
#13 /data/otusapi.loc/vendor/laravel/framework/src/Illuminate/Routing/Router.php(693): Illuminate\\Pipeline\\Pipeline->then()
#14 /data/otusapi.loc/vendor/laravel/framework/src/Illuminate/Routing/Router.php(668): Illuminate\\Routing\\Router->runRouteWithinStack()
#15 /data/otusapi.loc/vendor/laravel/framework/src/Illuminate/Routing/Router.php(634): Illuminate\\Routing\\Router->runRoute()
#16 /data/otusapi.loc/vendor/laravel/framework/src/Illuminate/Routing/Router.php(623): Illuminate\\Routing\\Router->dispatchToRoute()
#17 /data/otusapi.loc/vendor/laravel/framework/src/Illuminate/Foundation/Http/Kernel.php(166): Illuminate\\Routing\\Router->dispatch()
#18 /data/otusapi.loc/vendor/laravel/framework/src/Illuminate/Pipeline/Pipeline.php(128): Illuminate\\Foundation\\Http\\Kernel->Illuminate\\Foundation\\Http\\{closure}()
#19 /data/otusapi.loc/vendor/laravel/framework/src/Illuminate/Foundation/Http/Middleware/TransformsRequest.php(21): Illuminate\\Pipeline\\Pipeline->Illuminate\\Pipeline\\{closure}()
#20 /data/otusapi.loc/vendor/laravel/framework/src/Illuminate/Pipeline/Pipeline.php(167): Illuminate\\Foundation\\Http\\Middleware\\TransformsRequest->handle()
#21 /data/otusapi.loc/vendor/laravel/framework/src/Illuminate/Foundation/Http/Middleware/TransformsRequest.php(21): Illuminate\\Pipeline\\Pipeline->Illuminate\\Pipeline\\{closure}()
#22 /data/otusapi.loc/vendor/laravel/framework/src/Illuminate/Pipeline/Pipeline.php(167): Illuminate\\Foundation\\Http\\Middleware\\TransformsRequest->handle()
#23 /data/otusapi.loc/vendor/laravel/framework/src/Illuminate/Foundation/Http/Middleware/ValidatePostSize.php(27): Illuminate\\Pipeline\\Pipeline->Illuminate\\Pipeline\\{closure}()
#24 /data/otusapi.loc/vendor/laravel/framework/src/Illuminate/Pipeline/Pipeline.php(167): Illuminate\\Foundation\\Http\\Middleware\\ValidatePostSize->handle()
#25 /data/otusapi.loc/vendor/laravel/framework/src/Illuminate/Foundation/Http/Middleware/PreventRequestsDuringMaintenance.php(87): Illuminate\\Pipeline\\Pipeline->Illuminate\\Pipeline\\{closure}()
#26 /data/otusapi.loc/vendor/laravel/framework/src/Illuminate/Pipeline/Pipeline.php(167): Illuminate\\Foundation\\Http\\Middleware\\PreventRequestsDuringMaintenance->handle()
#27 /data/otusapi.loc/vendor/fruitcake/laravel-cors/src/HandleCors.php(37): Illuminate\\Pipeline\\Pipeline->Illuminate\\Pipeline\\{closure}()
#28 /data/otusapi.loc/vendor/laravel/framework/src/Illuminate/Pipeline/Pipeline.php(167): Fruitcake\\Cors\\HandleCors->handle()
#29 /data/otusapi.loc/vendor/fideloper/proxy/src/TrustProxies.php(57): Illuminate\\Pipeline\\Pipeline->Illuminate\\Pipeline\\{closure}()
#30 /data/otusapi.loc/vendor/laravel/framework/src/Illuminate/Pipeline/Pipeline.php(167): Fideloper\\Proxy\\TrustProxies->handle()
#31 /data/otusapi.loc/vendor/laravel/framework/src/Illuminate/Pipeline/Pipeline.php(103): Illuminate\\Pipeline\\Pipeline->Illuminate\\Pipeline\\{closure}()
#32 /data/otusapi.loc/vendor/laravel/framework/src/Illuminate/Foundation/Http/Kernel.php(141): Illuminate\\Pipeline\\Pipeline->then()
#33 /data/otusapi.loc/vendor/laravel/framework/src/Illuminate/Foundation/Http/Kernel.php(110): Illuminate\\Foundation\\Http\\Kernel->sendRequestThroughRouter()
#34 /data/otusapi.loc/public/index.php(52): Illuminate\\Foundation\\Http\\Kernel->handle()
#35 {main}
"} 
[2020-10-22 04:35:28] local.ERROR: file_put_contents(/data/otusapi.loc/storage/framework/views/f92314a6bee7b09a5928d4121f031d5205788694.php): failed to open stream: Permission denied {"exception":"[object] (ErrorException(code: 0): file_put_contents(/data/otusapi.loc/storage/framework/views/f92314a6bee7b09a5928d4121f031d5205788694.php): failed to open stream: Permission denied at /data/otusapi.loc/vendor/laravel/framework/src/Illuminate/Filesystem/Filesystem.php:185)
[stacktrace]
#0 [internal function]: Illuminate\\Foundation\\Bootstrap\\HandleExceptions->handleError()
#1 /data/otusapi.loc/vendor/laravel/framework/src/Illuminate/Filesystem/Filesystem.php(185): file_put_contents()
#2 /data/otusapi.loc/vendor/laravel/framework/src/Illuminate/View/Compilers/BladeCompiler.php(157): Illuminate\\Filesystem\\Filesystem->put()
#3 /data/otusapi.loc/vendor/laravel/framework/src/Illuminate/View/Engines/CompilerEngine.php(55): Illuminate\\View\\Compilers\\BladeCompiler->compile()
#4 /data/otusapi.loc/vendor/facade/ignition/src/Views/Engines/CompilerEngine.php(37): Illuminate\\View\\Engines\\CompilerEngine->get()
#5 /data/otusapi.loc/vendor/laravel/framework/src/Illuminate/View/View.php(139): Facade\\Ignition\\Views\\Engines\\CompilerEngine->get()
#6 /data/otusapi.loc/vendor/laravel/framework/src/Illuminate/View/View.php(122): Illuminate\\View\\View->getContents()
#7 /data/otusapi.loc/vendor/laravel/framework/src/Illuminate/View/View.php(91): Illuminate\\View\\View->renderContents()
#8 /data/otusapi.loc/vendor/laravel/framework/src/Illuminate/Http/Response.php(62): Illuminate\\View\\View->render()
#9 /data/otusapi.loc/vendor/laravel/framework/src/Illuminate/Http/Response.php(34): Illuminate\\Http\\Response->setContent()
#10 /data/otusapi.loc/vendor/laravel/framework/src/Illuminate/Routing/Router.php(765): Illuminate\\Http\\Response->__construct()
#11 /data/otusapi.loc/vendor/laravel/framework/src/Illuminate/Routing/Router.php(737): Illuminate\\Routing\\Router::toResponse()
#12 /data/otusapi.loc/vendor/laravel/framework/src/Illuminate/Routing/Router.php(691): Illuminate\\Routing\\Router->prepareResponse()
#13 /data/otusapi.loc/vendor/laravel/framework/src/Illuminate/Pipeline/Pipeline.php(128): Illuminate\\Routing\\Router->Illuminate\\Routing\\{closure}()
#14 /data/otusapi.loc/vendor/laravel/framework/src/Illuminate/Routing/Middleware/SubstituteBindings.php(41): Illuminate\\Pipeline\\Pipeline->Illuminate\\Pipeline\\{closure}()
#15 /data/otusapi.loc/vendor/laravel/framework/src/Illuminate/Pipeline/Pipeline.php(167): Illuminate\\Routing\\Middleware\\SubstituteBindings->handle()
#16 /data/otusapi.loc/vendor/laravel/framework/src/Illuminate/Foundation/Http/Middleware/VerifyCsrfToken.php(77): Illuminate\\Pipeline\\Pipeline->Illuminate\\Pipeline\\{closure}()
#17 /data/otusapi.loc/vendor/laravel/framework/src/Illuminate/Pipeline/Pipeline.php(167): Illuminate\\Foundation\\Http\\Middleware\\VerifyCsrfToken->handle()
#18 /data/otusapi.loc/vendor/laravel/framework/src/Illuminate/View/Middleware/ShareErrorsFromSession.php(49): Illuminate\\Pipeline\\Pipeline->Illuminate\\Pipeline\\{closure}()
#19 /data/otusapi.loc/vendor/laravel/framework/src/Illuminate/Pipeline/Pipeline.php(167): Illuminate\\View\\Middleware\\ShareErrorsFromSession->handle()
#20 /data/otusapi.loc/vendor/laravel/framework/src/Illuminate/Session/Middleware/StartSession.php(121): Illuminate\\Pipeline\\Pipeline->Illuminate\\Pipeline\\{closure}()
#21 /data/otusapi.loc/vendor/laravel/framework/src/Illuminate/Session/Middleware/StartSession.php(63): Illuminate\\Session\\Middleware\\StartSession->handleStatefulRequest()
#22 /data/otusapi.loc/vendor/laravel/framework/src/Illuminate/Pipeline/Pipeline.php(167): Illuminate\\Session\\Middleware\\StartSession->handle()
#23 /data/otusapi.loc/vendor/laravel/framework/src/Illuminate/Cookie/Middleware/AddQueuedCookiesToResponse.php(37): Illuminate\\Pipeline\\Pipeline->Illuminate\\Pipeline\\{closure}()
#24 /data/otusapi.loc/vendor/laravel/framework/src/Illuminate/Pipeline/Pipeline.php(167): Illuminate\\Cookie\\Middleware\\AddQueuedCookiesToResponse->handle()
#25 /data/otusapi.loc/vendor/laravel/framework/src/Illuminate/Cookie/Middleware/EncryptCookies.php(67): Illuminate\\Pipeline\\Pipeline->Illuminate\\Pipeline\\{closure}()
#26 /data/otusapi.loc/vendor/laravel/framework/src/Illuminate/Pipeline/Pipeline.php(167): Illuminate\\Cookie\\Middleware\\EncryptCookies->handle()
#27 /data/otusapi.loc/vendor/laravel/framework/src/Illuminate/Pipeline/Pipeline.php(103): Illuminate\\Pipeline\\Pipeline->Illuminate\\Pipeline\\{closure}()
#28 /data/otusapi.loc/vendor/laravel/framework/src/Illuminate/Routing/Router.php(693): Illuminate\\Pipeline\\Pipeline->then()
#29 /data/otusapi.loc/vendor/laravel/framework/src/Illuminate/Routing/Router.php(668): Illuminate\\Routing\\Router->runRouteWithinStack()
#30 /data/otusapi.loc/vendor/laravel/framework/src/Illuminate/Routing/Router.php(634): Illuminate\\Routing\\Router->runRoute()
#31 /data/otusapi.loc/vendor/laravel/framework/src/Illuminate/Routing/Router.php(623): Illuminate\\Routing\\Router->dispatchToRoute()
#32 /data/otusapi.loc/vendor/laravel/framework/src/Illuminate/Foundation/Http/Kernel.php(166): Illuminate\\Routing\\Router->dispatch()
#33 /data/otusapi.loc/vendor/laravel/framework/src/Illuminate/Pipeline/Pipeline.php(128): Illuminate\\Foundation\\Http\\Kernel->Illuminate\\Foundation\\Http\\{closure}()
#34 /data/otusapi.loc/vendor/laravel/framework/src/Illuminate/Foundation/Http/Middleware/TransformsRequest.php(21): Illuminate\\Pipeline\\Pipeline->Illuminate\\Pipeline\\{closure}()
#35 /data/otusapi.loc/vendor/laravel/framework/src/Illuminate/Pipeline/Pipeline.php(167): Illuminate\\Foundation\\Http\\Middleware\\TransformsRequest->handle()
#36 /data/otusapi.loc/vendor/laravel/framework/src/Illuminate/Foundation/Http/Middleware/TransformsRequest.php(21): Illuminate\\Pipeline\\Pipeline->Illuminate\\Pipeline\\{closure}()
#37 /data/otusapi.loc/vendor/laravel/framework/src/Illuminate/Pipeline/Pipeline.php(167): Illuminate\\Foundation\\Http\\Middleware\\TransformsRequest->handle()
#38 /data/otusapi.loc/vendor/laravel/framework/src/Illuminate/Foundation/Http/Middleware/ValidatePostSize.php(27): Illuminate\\Pipeline\\Pipeline->Illuminate\\Pipeline\\{closure}()
#39 /data/otusapi.loc/vendor/laravel/framework/src/Illuminate/Pipeline/Pipeline.php(167): Illuminate\\Foundation\\Http\\Middleware\\ValidatePostSize->handle()
#40 /data/otusapi.loc/vendor/laravel/framework/src/Illuminate/Foundation/Http/Middleware/PreventRequestsDuringMaintenance.php(87): Illuminate\\Pipeline\\Pipeline->Illuminate\\Pipeline\\{closure}()
#41 /data/otusapi.loc/vendor/laravel/framework/src/Illuminate/Pipeline/Pipeline.php(167): Illuminate\\Foundation\\Http\\Middleware\\PreventRequestsDuringMaintenance->handle()
#42 /data/otusapi.loc/vendor/fruitcake/laravel-cors/src/HandleCors.php(37): Illuminate\\Pipeline\\Pipeline->Illuminate\\Pipeline\\{closure}()
#43 /data/otusapi.loc/vendor/laravel/framework/src/Illuminate/Pipeline/Pipeline.php(167): Fruitcake\\Cors\\HandleCors->handle()
#44 /data/otusapi.loc/vendor/fideloper/proxy/src/TrustProxies.php(57): Illuminate\\Pipeline\\Pipeline->Illuminate\\Pipeline\\{closure}()
#45 /data/otusapi.loc/vendor/laravel/framework/src/Illuminate/Pipeline/Pipeline.php(167): Fideloper\\Proxy\\TrustProxies->handle()
#46 /data/otusapi.loc/vendor/laravel/framework/src/Illuminate/Pipeline/Pipeline.php(103): Illuminate\\Pipeline\\Pipeline->Illuminate\\Pipeline\\{closure}()
#47 /data/otusapi.loc/vendor/laravel/framework/src/Illuminate/Foundation/Http/Kernel.php(141): Illuminate\\Pipeline\\Pipeline->then()
#48 /data/otusapi.loc/vendor/laravel/framework/src/Illuminate/Foundation/Http/Kernel.php(110): Illuminate\\Foundation\\Http\\Kernel->sendRequestThroughRouter()
#49 /data/otusapi.loc/public/index.php(52): Illuminate\\Foundation\\Http\\Kernel->handle()
#50 {main}
"} 
[2020-10-22 04:35:28] local.ERROR: file_put_contents(/data/otusapi.loc/storage/framework/sessions/VqQICWR73fX20jGyqbfjMwtpb8SxfP0sMTyu2BPC): failed to open stream: Permission denied {"exception":"[object] (ErrorException(code: 0): file_put_contents(/data/otusapi.loc/storage/framework/sessions/VqQICWR73fX20jGyqbfjMwtpb8SxfP0sMTyu2BPC): failed to open stream: Permission denied at /data/otusapi.loc/vendor/laravel/framework/src/Illuminate/Filesystem/Filesystem.php:185)
[stacktrace]
#0 [internal function]: Illuminate\\Foundation\\Bootstrap\\HandleExceptions->handleError()
#1 /data/otusapi.loc/vendor/laravel/framework/src/Illuminate/Filesystem/Filesystem.php(185): file_put_contents()
#2 /data/otusapi.loc/vendor/laravel/framework/src/Illuminate/Session/FileSessionHandler.php(83): Illuminate\\Filesystem\\Filesystem->put()
#3 /data/otusapi.loc/vendor/laravel/framework/src/Illuminate/Session/Store.php(129): Illuminate\\Session\\FileSessionHandler->write()
#4 /data/otusapi.loc/vendor/laravel/framework/src/Illuminate/Session/Middleware/StartSession.php(236): Illuminate\\Session\\Store->save()
#5 /data/otusapi.loc/vendor/laravel/framework/src/Illuminate/Session/Middleware/StartSession.php(130): Illuminate\\Session\\Middleware\\StartSession->saveSession()
#6 /data/otusapi.loc/vendor/laravel/framework/src/Illuminate/Session/Middleware/StartSession.php(63): Illuminate\\Session\\Middleware\\StartSession->handleStatefulRequest()
#7 /data/otusapi.loc/vendor/laravel/framework/src/Illuminate/Pipeline/Pipeline.php(167): Illuminate\\Session\\Middleware\\StartSession->handle()
#8 /data/otusapi.loc/vendor/laravel/framework/src/Illuminate/Cookie/Middleware/AddQueuedCookiesToResponse.php(37): Illuminate\\Pipeline\\Pipeline->Illuminate\\Pipeline\\{closure}()
#9 /data/otusapi.loc/vendor/laravel/framework/src/Illuminate/Pipeline/Pipeline.php(167): Illuminate\\Cookie\\Middleware\\AddQueuedCookiesToResponse->handle()
#10 /data/otusapi.loc/vendor/laravel/framework/src/Illuminate/Cookie/Middleware/EncryptCookies.php(67): Illuminate\\Pipeline\\Pipeline->Illuminate\\Pipeline\\{closure}()
#11 /data/otusapi.loc/vendor/laravel/framework/src/Illuminate/Pipeline/Pipeline.php(167): Illuminate\\Cookie\\Middleware\\EncryptCookies->handle()
#12 /data/otusapi.loc/vendor/laravel/framework/src/Illuminate/Pipeline/Pipeline.php(103): Illuminate\\Pipeline\\Pipeline->Illuminate\\Pipeline\\{closure}()
#13 /data/otusapi.loc/vendor/laravel/framework/src/Illuminate/Routing/Router.php(693): Illuminate\\Pipeline\\Pipeline->then()
#14 /data/otusapi.loc/vendor/laravel/framework/src/Illuminate/Routing/Router.php(668): Illuminate\\Routing\\Router->runRouteWithinStack()
#15 /data/otusapi.loc/vendor/laravel/framework/src/Illuminate/Routing/Router.php(634): Illuminate\\Routing\\Router->runRoute()
#16 /data/otusapi.loc/vendor/laravel/framework/src/Illuminate/Routing/Router.php(623): Illuminate\\Routing\\Router->dispatchToRoute()
#17 /data/otusapi.loc/vendor/laravel/framework/src/Illuminate/Foundation/Http/Kernel.php(166): Illuminate\\Routing\\Router->dispatch()
#18 /data/otusapi.loc/vendor/laravel/framework/src/Illuminate/Pipeline/Pipeline.php(128): Illuminate\\Foundation\\Http\\Kernel->Illuminate\\Foundation\\Http\\{closure}()
#19 /data/otusapi.loc/vendor/laravel/framework/src/Illuminate/Foundation/Http/Middleware/TransformsRequest.php(21): Illuminate\\Pipeline\\Pipeline->Illuminate\\Pipeline\\{closure}()
#20 /data/otusapi.loc/vendor/laravel/framework/src/Illuminate/Pipeline/Pipeline.php(167): Illuminate\\Foundation\\Http\\Middleware\\TransformsRequest->handle()
#21 /data/otusapi.loc/vendor/laravel/framework/src/Illuminate/Foundation/Http/Middleware/TransformsRequest.php(21): Illuminate\\Pipeline\\Pipeline->Illuminate\\Pipeline\\{closure}()
#22 /data/otusapi.loc/vendor/laravel/framework/src/Illuminate/Pipeline/Pipeline.php(167): Illuminate\\Foundation\\Http\\Middleware\\TransformsRequest->handle()
#23 /data/otusapi.loc/vendor/laravel/framework/src/Illuminate/Foundation/Http/Middleware/ValidatePostSize.php(27): Illuminate\\Pipeline\\Pipeline->Illuminate\\Pipeline\\{closure}()
#24 /data/otusapi.loc/vendor/laravel/framework/src/Illuminate/Pipeline/Pipeline.php(167): Illuminate\\Foundation\\Http\\Middleware\\ValidatePostSize->handle()
#25 /data/otusapi.loc/vendor/laravel/framework/src/Illuminate/Foundation/Http/Middleware/PreventRequestsDuringMaintenance.php(87): Illuminate\\Pipeline\\Pipeline->Illuminate\\Pipeline\\{closure}()
#26 /data/otusapi.loc/vendor/laravel/framework/src/Illuminate/Pipeline/Pipeline.php(167): Illuminate\\Foundation\\Http\\Middleware\\PreventRequestsDuringMaintenance->handle()
#27 /data/otusapi.loc/vendor/fruitcake/laravel-cors/src/HandleCors.php(37): Illuminate\\Pipeline\\Pipeline->Illuminate\\Pipeline\\{closure}()
#28 /data/otusapi.loc/vendor/laravel/framework/src/Illuminate/Pipeline/Pipeline.php(167): Fruitcake\\Cors\\HandleCors->handle()
#29 /data/otusapi.loc/vendor/fideloper/proxy/src/TrustProxies.php(57): Illuminate\\Pipeline\\Pipeline->Illuminate\\Pipeline\\{closure}()
#30 /data/otusapi.loc/vendor/laravel/framework/src/Illuminate/Pipeline/Pipeline.php(167): Fideloper\\Proxy\\TrustProxies->handle()
#31 /data/otusapi.loc/vendor/laravel/framework/src/Illuminate/Pipeline/Pipeline.php(103): Illuminate\\Pipeline\\Pipeline->Illuminate\\Pipeline\\{closure}()
#32 /data/otusapi.loc/vendor/laravel/framework/src/Illuminate/Foundation/Http/Kernel.php(141): Illuminate\\Pipeline\\Pipeline->then()
#33 /data/otusapi.loc/vendor/laravel/framework/src/Illuminate/Foundation/Http/Kernel.php(110): Illuminate\\Foundation\\Http\\Kernel->sendRequestThroughRouter()
#34 /data/otusapi.loc/public/index.php(52): Illuminate\\Foundation\\Http\\Kernel->handle()
#35 {main}
"} 
[2020-10-22 08:06:35] local.ERROR: Required @OA\Info() not found {"exception":"[object] (ErrorException(code: 0): Required @OA\\Info() not found at /data/otusapi.loc/vendor/zircote/swagger-php/src/Logger.php:39)
[stacktrace]
#0 [internal function]: Illuminate\\Foundation\\Bootstrap\\HandleExceptions->handleError()
#1 /data/otusapi.loc/vendor/zircote/swagger-php/src/Logger.php(39): trigger_error()
#2 [internal function]: OpenApi\\Logger->OpenApi\\{closure}()
#3 /data/otusapi.loc/vendor/zircote/swagger-php/src/Logger.php(72): call_user_func()
#4 /data/otusapi.loc/vendor/zircote/swagger-php/src/Annotations/AbstractAnnotation.php(440): OpenApi\\Logger::notice()
#5 /data/otusapi.loc/vendor/zircote/swagger-php/src/Annotations/OpenApi.php(136): OpenApi\\Annotations\\AbstractAnnotation->validate()
#6 /data/otusapi.loc/vendor/zircote/swagger-php/src/Analysis.php(528): OpenApi\\Annotations\\OpenApi->validate()
#7 /data/otusapi.loc/vendor/zircote/swagger-php/src/functions.php(59): OpenApi\\Analysis->validate()
#8 /data/otusapi.loc/vendor/darkaonline/l5-swagger/src/Generator.php(152): OpenApi\\scan()
#9 /data/otusapi.loc/vendor/darkaonline/l5-swagger/src/Generator.php(97): L5Swagger\\Generator->scanFilesForDocumentation()
#10 /data/otusapi.loc/vendor/darkaonline/l5-swagger/src/Console/GenerateDocsCommand.php(71): L5Swagger\\Generator->generateDocs()
#11 /data/otusapi.loc/vendor/darkaonline/l5-swagger/src/Console/GenerateDocsCommand.php(58): L5Swagger\\Console\\GenerateDocsCommand->generateDocumentation()
#12 /data/otusapi.loc/vendor/laravel/framework/src/Illuminate/Container/BoundMethod.php(36): L5Swagger\\Console\\GenerateDocsCommand->handle()
#13 /data/otusapi.loc/vendor/laravel/framework/src/Illuminate/Container/Util.php(40): Illuminate\\Container\\BoundMethod::Illuminate\\Container\\{closure}()
#14 /data/otusapi.loc/vendor/laravel/framework/src/Illuminate/Container/BoundMethod.php(93): Illuminate\\Container\\Util::unwrapIfClosure()
#15 /data/otusapi.loc/vendor/laravel/framework/src/Illuminate/Container/BoundMethod.php(37): Illuminate\\Container\\BoundMethod::callBoundMethod()
#16 /data/otusapi.loc/vendor/laravel/framework/src/Illuminate/Container/Container.php(596): Illuminate\\Container\\BoundMethod::call()
#17 /data/otusapi.loc/vendor/laravel/framework/src/Illuminate/Console/Command.php(136): Illuminate\\Container\\Container->call()
#18 /data/otusapi.loc/vendor/symfony/console/Command/Command.php(258): Illuminate\\Console\\Command->execute()
#19 /data/otusapi.loc/vendor/laravel/framework/src/Illuminate/Console/Command.php(121): Symfony\\Component\\Console\\Command\\Command->run()
#20 /data/otusapi.loc/vendor/symfony/console/Application.php(920): Illuminate\\Console\\Command->run()
#21 /data/otusapi.loc/vendor/symfony/console/Application.php(266): Symfony\\Component\\Console\\Application->doRunCommand()
#22 /data/otusapi.loc/vendor/symfony/console/Application.php(142): Symfony\\Component\\Console\\Application->doRun()
#23 /data/otusapi.loc/vendor/laravel/framework/src/Illuminate/Console/Application.php(93): Symfony\\Component\\Console\\Application->run()
#24 /data/otusapi.loc/vendor/laravel/framework/src/Illuminate/Foundation/Console/Kernel.php(129): Illuminate\\Console\\Application->run()
#25 /data/otusapi.loc/artisan(37): Illuminate\\Foundation\\Console\\Kernel->handle()
#26 {main}
"} 
[2020-10-22 08:11:26] local.ERROR: Required @OA\Info() not found {"exception":"[object] (ErrorException(code: 0): Required @OA\\Info() not found at /data/otusapi.loc/vendor/zircote/swagger-php/src/Logger.php:39)
[stacktrace]
#0 [internal function]: Illuminate\\Foundation\\Bootstrap\\HandleExceptions->handleError()
#1 /data/otusapi.loc/vendor/zircote/swagger-php/src/Logger.php(39): trigger_error()
#2 [internal function]: OpenApi\\Logger->OpenApi\\{closure}()
#3 /data/otusapi.loc/vendor/zircote/swagger-php/src/Logger.php(72): call_user_func()
#4 /data/otusapi.loc/vendor/zircote/swagger-php/src/Annotations/AbstractAnnotation.php(440): OpenApi\\Logger::notice()
#5 /data/otusapi.loc/vendor/zircote/swagger-php/src/Annotations/OpenApi.php(136): OpenApi\\Annotations\\AbstractAnnotation->validate()
#6 /data/otusapi.loc/vendor/zircote/swagger-php/src/Analysis.php(528): OpenApi\\Annotations\\OpenApi->validate()
#7 /data/otusapi.loc/vendor/zircote/swagger-php/src/functions.php(59): OpenApi\\Analysis->validate()
#8 /data/otusapi.loc/vendor/darkaonline/l5-swagger/src/Generator.php(152): OpenApi\\scan()
#9 /data/otusapi.loc/vendor/darkaonline/l5-swagger/src/Generator.php(97): L5Swagger\\Generator->scanFilesForDocumentation()
#10 /data/otusapi.loc/vendor/darkaonline/l5-swagger/src/Console/GenerateDocsCommand.php(71): L5Swagger\\Generator->generateDocs()
#11 /data/otusapi.loc/vendor/darkaonline/l5-swagger/src/Console/GenerateDocsCommand.php(58): L5Swagger\\Console\\GenerateDocsCommand->generateDocumentation()
#12 /data/otusapi.loc/vendor/laravel/framework/src/Illuminate/Container/BoundMethod.php(36): L5Swagger\\Console\\GenerateDocsCommand->handle()
#13 /data/otusapi.loc/vendor/laravel/framework/src/Illuminate/Container/Util.php(40): Illuminate\\Container\\BoundMethod::Illuminate\\Container\\{closure}()
#14 /data/otusapi.loc/vendor/laravel/framework/src/Illuminate/Container/BoundMethod.php(93): Illuminate\\Container\\Util::unwrapIfClosure()
#15 /data/otusapi.loc/vendor/laravel/framework/src/Illuminate/Container/BoundMethod.php(37): Illuminate\\Container\\BoundMethod::callBoundMethod()
#16 /data/otusapi.loc/vendor/laravel/framework/src/Illuminate/Container/Container.php(596): Illuminate\\Container\\BoundMethod::call()
#17 /data/otusapi.loc/vendor/laravel/framework/src/Illuminate/Console/Command.php(136): Illuminate\\Container\\Container->call()
#18 /data/otusapi.loc/vendor/symfony/console/Command/Command.php(258): Illuminate\\Console\\Command->execute()
#19 /data/otusapi.loc/vendor/laravel/framework/src/Illuminate/Console/Command.php(121): Symfony\\Component\\Console\\Command\\Command->run()
#20 /data/otusapi.loc/vendor/symfony/console/Application.php(920): Illuminate\\Console\\Command->run()
#21 /data/otusapi.loc/vendor/symfony/console/Application.php(266): Symfony\\Component\\Console\\Application->doRunCommand()
#22 /data/otusapi.loc/vendor/symfony/console/Application.php(142): Symfony\\Component\\Console\\Application->doRun()
#23 /data/otusapi.loc/vendor/laravel/framework/src/Illuminate/Console/Application.php(93): Symfony\\Component\\Console\\Application->run()
#24 /data/otusapi.loc/vendor/laravel/framework/src/Illuminate/Foundation/Console/Kernel.php(129): Illuminate\\Console\\Application->run()
#25 /data/otusapi.loc/artisan(37): Illuminate\\Foundation\\Console\\Kernel->handle()
#26 {main}
"} 
[2020-10-22 08:17:50] local.ERROR: Required @OA\PathItem() not found {"exception":"[object] (ErrorException(code: 0): Required @OA\\PathItem() not found at /data/otusapi.loc/vendor/zircote/swagger-php/src/Logger.php:39)
[stacktrace]
#0 [internal function]: Illuminate\\Foundation\\Bootstrap\\HandleExceptions->handleError()
#1 /data/otusapi.loc/vendor/zircote/swagger-php/src/Logger.php(39): trigger_error()
#2 [internal function]: OpenApi\\Logger->OpenApi\\{closure}()
#3 /data/otusapi.loc/vendor/zircote/swagger-php/src/Logger.php(72): call_user_func()
#4 /data/otusapi.loc/vendor/zircote/swagger-php/src/Annotations/AbstractAnnotation.php(440): OpenApi\\Logger::notice()
#5 /data/otusapi.loc/vendor/zircote/swagger-php/src/Annotations/OpenApi.php(136): OpenApi\\Annotations\\AbstractAnnotation->validate()
#6 /data/otusapi.loc/vendor/zircote/swagger-php/src/Analysis.php(528): OpenApi\\Annotations\\OpenApi->validate()
#7 /data/otusapi.loc/vendor/zircote/swagger-php/src/functions.php(59): OpenApi\\Analysis->validate()
#8 /data/otusapi.loc/vendor/darkaonline/l5-swagger/src/Generator.php(152): OpenApi\\scan()
#9 /data/otusapi.loc/vendor/darkaonline/l5-swagger/src/Generator.php(97): L5Swagger\\Generator->scanFilesForDocumentation()
#10 /data/otusapi.loc/vendor/darkaonline/l5-swagger/src/Console/GenerateDocsCommand.php(71): L5Swagger\\Generator->generateDocs()
#11 /data/otusapi.loc/vendor/darkaonline/l5-swagger/src/Console/GenerateDocsCommand.php(58): L5Swagger\\Console\\GenerateDocsCommand->generateDocumentation()
#12 /data/otusapi.loc/vendor/laravel/framework/src/Illuminate/Container/BoundMethod.php(36): L5Swagger\\Console\\GenerateDocsCommand->handle()
#13 /data/otusapi.loc/vendor/laravel/framework/src/Illuminate/Container/Util.php(40): Illuminate\\Container\\BoundMethod::Illuminate\\Container\\{closure}()
#14 /data/otusapi.loc/vendor/laravel/framework/src/Illuminate/Container/BoundMethod.php(93): Illuminate\\Container\\Util::unwrapIfClosure()
#15 /data/otusapi.loc/vendor/laravel/framework/src/Illuminate/Container/BoundMethod.php(37): Illuminate\\Container\\BoundMethod::callBoundMethod()
#16 /data/otusapi.loc/vendor/laravel/framework/src/Illuminate/Container/Container.php(596): Illuminate\\Container\\BoundMethod::call()
#17 /data/otusapi.loc/vendor/laravel/framework/src/Illuminate/Console/Command.php(136): Illuminate\\Container\\Container->call()
#18 /data/otusapi.loc/vendor/symfony/console/Command/Command.php(258): Illuminate\\Console\\Command->execute()
#19 /data/otusapi.loc/vendor/laravel/framework/src/Illuminate/Console/Command.php(121): Symfony\\Component\\Console\\Command\\Command->run()
#20 /data/otusapi.loc/vendor/symfony/console/Application.php(920): Illuminate\\Console\\Command->run()
#21 /data/otusapi.loc/vendor/symfony/console/Application.php(266): Symfony\\Component\\Console\\Application->doRunCommand()
#22 /data/otusapi.loc/vendor/symfony/console/Application.php(142): Symfony\\Component\\Console\\Application->doRun()
#23 /data/otusapi.loc/vendor/laravel/framework/src/Illuminate/Console/Application.php(93): Symfony\\Component\\Console\\Application->run()
#24 /data/otusapi.loc/vendor/laravel/framework/src/Illuminate/Foundation/Console/Kernel.php(129): Illuminate\\Console\\Application->run()
#25 /data/otusapi.loc/artisan(37): Illuminate\\Foundation\\Console\\Kernel->handle()
#26 {main}
"} 
[2020-10-22 08:48:26] local.ERROR: $ref "#/components/schemas/" not found for @OA\JsonContent() in \App\Http\Controllers\ProductController->index() in /data/otusapi.loc/app/Http/Controllers/ProductController.php on line 16 {"exception":"[object] (ErrorException(code: 0): $ref \"#/components/schemas/\" not found for @OA\\JsonContent() in \\App\\Http\\Controllers\\ProductController->index() in /data/otusapi.loc/app/Http/Controllers/ProductController.php on line 16 at /data/otusapi.loc/vendor/zircote/swagger-php/src/Logger.php:39)
[stacktrace]
#0 [internal function]: Illuminate\\Foundation\\Bootstrap\\HandleExceptions->handleError()
#1 /data/otusapi.loc/vendor/zircote/swagger-php/src/Logger.php(39): trigger_error()
#2 [internal function]: OpenApi\\Logger->OpenApi\\{closure}()
#3 /data/otusapi.loc/vendor/zircote/swagger-php/src/Logger.php(72): call_user_func()
#4 /data/otusapi.loc/vendor/zircote/swagger-php/src/Annotations/AbstractAnnotation.php(419): OpenApi\\Logger::notice()
#5 /data/otusapi.loc/vendor/zircote/swagger-php/src/Annotations/Schema.php(380): OpenApi\\Annotations\\AbstractAnnotation->validate()
#6 /data/otusapi.loc/vendor/zircote/swagger-php/src/Annotations/AbstractAnnotation.php(497): OpenApi\\Annotations\\Schema->validate()
#7 /data/otusapi.loc/vendor/zircote/swagger-php/src/Annotations/AbstractAnnotation.php(466): OpenApi\\Annotations\\AbstractAnnotation::_validate()
#8 /data/otusapi.loc/vendor/zircote/swagger-php/src/Annotations/AbstractAnnotation.php(497): OpenApi\\Annotations\\AbstractAnnotation->validate()
#9 /data/otusapi.loc/vendor/zircote/swagger-php/src/Annotations/AbstractAnnotation.php(503): OpenApi\\Annotations\\AbstractAnnotation::_validate()
#10 /data/otusapi.loc/vendor/zircote/swagger-php/src/Annotations/AbstractAnnotation.php(466): OpenApi\\Annotations\\AbstractAnnotation::_validate()
#11 /data/otusapi.loc/vendor/zircote/swagger-php/src/Annotations/AbstractAnnotation.php(497): OpenApi\\Annotations\\AbstractAnnotation->validate()
#12 /data/otusapi.loc/vendor/zircote/swagger-php/src/Annotations/AbstractAnnotation.php(503): OpenApi\\Annotations\\AbstractAnnotation::_validate()
#13 /data/otusapi.loc/vendor/zircote/swagger-php/src/Annotations/AbstractAnnotation.php(466): OpenApi\\Annotations\\AbstractAnnotation::_validate()
#14 /data/otusapi.loc/vendor/zircote/swagger-php/src/Annotations/Operation.php(192): OpenApi\\Annotations\\AbstractAnnotation->validate()
#15 /data/otusapi.loc/vendor/zircote/swagger-php/src/Annotations/AbstractAnnotation.php(497): OpenApi\\Annotations\\Operation->validate()
#16 /data/otusapi.loc/vendor/zircote/swagger-php/src/Annotations/AbstractAnnotation.php(466): OpenApi\\Annotations\\AbstractAnnotation::_validate()
#17 /data/otusapi.loc/vendor/zircote/swagger-php/src/Annotations/AbstractAnnotation.php(497): OpenApi\\Annotations\\AbstractAnnotation->validate()
#18 /data/otusapi.loc/vendor/zircote/swagger-php/src/Annotations/AbstractAnnotation.php(503): OpenApi\\Annotations\\AbstractAnnotation::_validate()
#19 /data/otusapi.loc/vendor/zircote/swagger-php/src/Annotations/AbstractAnnotation.php(466): OpenApi\\Annotations\\AbstractAnnotation::_validate()
#20 /data/otusapi.loc/vendor/zircote/swagger-php/src/Annotations/OpenApi.php(136): OpenApi\\Annotations\\AbstractAnnotation->validate()
#21 /data/otusapi.loc/vendor/zircote/swagger-php/src/Analysis.php(528): OpenApi\\Annotations\\OpenApi->validate()
#22 /data/otusapi.loc/vendor/zircote/swagger-php/src/functions.php(59): OpenApi\\Analysis->validate()
#23 /data/otusapi.loc/vendor/darkaonline/l5-swagger/src/Generator.php(152): OpenApi\\scan()
#24 /data/otusapi.loc/vendor/darkaonline/l5-swagger/src/Generator.php(97): L5Swagger\\Generator->scanFilesForDocumentation()
#25 /data/otusapi.loc/vendor/darkaonline/l5-swagger/src/Console/GenerateDocsCommand.php(71): L5Swagger\\Generator->generateDocs()
#26 /data/otusapi.loc/vendor/darkaonline/l5-swagger/src/Console/GenerateDocsCommand.php(58): L5Swagger\\Console\\GenerateDocsCommand->generateDocumentation()
#27 /data/otusapi.loc/vendor/laravel/framework/src/Illuminate/Container/BoundMethod.php(36): L5Swagger\\Console\\GenerateDocsCommand->handle()
#28 /data/otusapi.loc/vendor/laravel/framework/src/Illuminate/Container/Util.php(40): Illuminate\\Container\\BoundMethod::Illuminate\\Container\\{closure}()
#29 /data/otusapi.loc/vendor/laravel/framework/src/Illuminate/Container/BoundMethod.php(93): Illuminate\\Container\\Util::unwrapIfClosure()
#30 /data/otusapi.loc/vendor/laravel/framework/src/Illuminate/Container/BoundMethod.php(37): Illuminate\\Container\\BoundMethod::callBoundMethod()
#31 /data/otusapi.loc/vendor/laravel/framework/src/Illuminate/Container/Container.php(596): Illuminate\\Container\\BoundMethod::call()
#32 /data/otusapi.loc/vendor/laravel/framework/src/Illuminate/Console/Command.php(136): Illuminate\\Container\\Container->call()
#33 /data/otusapi.loc/vendor/symfony/console/Command/Command.php(258): Illuminate\\Console\\Command->execute()
#34 /data/otusapi.loc/vendor/laravel/framework/src/Illuminate/Console/Command.php(121): Symfony\\Component\\Console\\Command\\Command->run()
#35 /data/otusapi.loc/vendor/symfony/console/Application.php(920): Illuminate\\Console\\Command->run()
#36 /data/otusapi.loc/vendor/symfony/console/Application.php(266): Symfony\\Component\\Console\\Application->doRunCommand()
#37 /data/otusapi.loc/vendor/symfony/console/Application.php(142): Symfony\\Component\\Console\\Application->doRun()
#38 /data/otusapi.loc/vendor/laravel/framework/src/Illuminate/Console/Application.php(93): Symfony\\Component\\Console\\Application->run()
#39 /data/otusapi.loc/vendor/laravel/framework/src/Illuminate/Foundation/Console/Kernel.php(129): Illuminate\\Console\\Application->run()
#40 /data/otusapi.loc/artisan(37): Illuminate\\Foundation\\Console\\Kernel->handle()
#41 {main}
"} 
[2020-10-22 09:03:33] local.ERROR: $ref "#/components/schemas/" not found for @OA\JsonContent() in \App\Http\Controllers\ProductController->index() in /data/otusapi.loc/app/Http/Controllers/ProductController.php on line 16 {"exception":"[object] (ErrorException(code: 0): $ref \"#/components/schemas/\" not found for @OA\\JsonContent() in \\App\\Http\\Controllers\\ProductController->index() in /data/otusapi.loc/app/Http/Controllers/ProductController.php on line 16 at /data/otusapi.loc/vendor/zircote/swagger-php/src/Logger.php:39)
[stacktrace]
#0 [internal function]: Illuminate\\Foundation\\Bootstrap\\HandleExceptions->handleError()
#1 /data/otusapi.loc/vendor/zircote/swagger-php/src/Logger.php(39): trigger_error()
#2 [internal function]: OpenApi\\Logger->OpenApi\\{closure}()
#3 /data/otusapi.loc/vendor/zircote/swagger-php/src/Logger.php(72): call_user_func()
#4 /data/otusapi.loc/vendor/zircote/swagger-php/src/Annotations/AbstractAnnotation.php(419): OpenApi\\Logger::notice()
#5 /data/otusapi.loc/vendor/zircote/swagger-php/src/Annotations/Schema.php(380): OpenApi\\Annotations\\AbstractAnnotation->validate()
#6 /data/otusapi.loc/vendor/zircote/swagger-php/src/Annotations/AbstractAnnotation.php(497): OpenApi\\Annotations\\Schema->validate()
#7 /data/otusapi.loc/vendor/zircote/swagger-php/src/Annotations/AbstractAnnotation.php(466): OpenApi\\Annotations\\AbstractAnnotation::_validate()
#8 /data/otusapi.loc/vendor/zircote/swagger-php/src/Annotations/AbstractAnnotation.php(497): OpenApi\\Annotations\\AbstractAnnotation->validate()
#9 /data/otusapi.loc/vendor/zircote/swagger-php/src/Annotations/AbstractAnnotation.php(503): OpenApi\\Annotations\\AbstractAnnotation::_validate()
#10 /data/otusapi.loc/vendor/zircote/swagger-php/src/Annotations/AbstractAnnotation.php(466): OpenApi\\Annotations\\AbstractAnnotation::_validate()
#11 /data/otusapi.loc/vendor/zircote/swagger-php/src/Annotations/AbstractAnnotation.php(497): OpenApi\\Annotations\\AbstractAnnotation->validate()
#12 /data/otusapi.loc/vendor/zircote/swagger-php/src/Annotations/AbstractAnnotation.php(503): OpenApi\\Annotations\\AbstractAnnotation::_validate()
#13 /data/otusapi.loc/vendor/zircote/swagger-php/src/Annotations/AbstractAnnotation.php(466): OpenApi\\Annotations\\AbstractAnnotation::_validate()
#14 /data/otusapi.loc/vendor/zircote/swagger-php/src/Annotations/Operation.php(192): OpenApi\\Annotations\\AbstractAnnotation->validate()
#15 /data/otusapi.loc/vendor/zircote/swagger-php/src/Annotations/AbstractAnnotation.php(497): OpenApi\\Annotations\\Operation->validate()
#16 /data/otusapi.loc/vendor/zircote/swagger-php/src/Annotations/AbstractAnnotation.php(466): OpenApi\\Annotations\\AbstractAnnotation::_validate()
#17 /data/otusapi.loc/vendor/zircote/swagger-php/src/Annotations/AbstractAnnotation.php(497): OpenApi\\Annotations\\AbstractAnnotation->validate()
#18 /data/otusapi.loc/vendor/zircote/swagger-php/src/Annotations/AbstractAnnotation.php(503): OpenApi\\Annotations\\AbstractAnnotation::_validate()
#19 /data/otusapi.loc/vendor/zircote/swagger-php/src/Annotations/AbstractAnnotation.php(466): OpenApi\\Annotations\\AbstractAnnotation::_validate()
#20 /data/otusapi.loc/vendor/zircote/swagger-php/src/Annotations/OpenApi.php(136): OpenApi\\Annotations\\AbstractAnnotation->validate()
#21 /data/otusapi.loc/vendor/zircote/swagger-php/src/Analysis.php(528): OpenApi\\Annotations\\OpenApi->validate()
#22 /data/otusapi.loc/vendor/zircote/swagger-php/src/functions.php(59): OpenApi\\Analysis->validate()
#23 /data/otusapi.loc/vendor/darkaonline/l5-swagger/src/Generator.php(152): OpenApi\\scan()
#24 /data/otusapi.loc/vendor/darkaonline/l5-swagger/src/Generator.php(97): L5Swagger\\Generator->scanFilesForDocumentation()
#25 /data/otusapi.loc/vendor/darkaonline/l5-swagger/src/Console/GenerateDocsCommand.php(71): L5Swagger\\Generator->generateDocs()
#26 /data/otusapi.loc/vendor/darkaonline/l5-swagger/src/Console/GenerateDocsCommand.php(58): L5Swagger\\Console\\GenerateDocsCommand->generateDocumentation()
#27 /data/otusapi.loc/vendor/laravel/framework/src/Illuminate/Container/BoundMethod.php(36): L5Swagger\\Console\\GenerateDocsCommand->handle()
#28 /data/otusapi.loc/vendor/laravel/framework/src/Illuminate/Container/Util.php(40): Illuminate\\Container\\BoundMethod::Illuminate\\Container\\{closure}()
#29 /data/otusapi.loc/vendor/laravel/framework/src/Illuminate/Container/BoundMethod.php(93): Illuminate\\Container\\Util::unwrapIfClosure()
#30 /data/otusapi.loc/vendor/laravel/framework/src/Illuminate/Container/BoundMethod.php(37): Illuminate\\Container\\BoundMethod::callBoundMethod()
#31 /data/otusapi.loc/vendor/laravel/framework/src/Illuminate/Container/Container.php(596): Illuminate\\Container\\BoundMethod::call()
#32 /data/otusapi.loc/vendor/laravel/framework/src/Illuminate/Console/Command.php(136): Illuminate\\Container\\Container->call()
#33 /data/otusapi.loc/vendor/symfony/console/Command/Command.php(258): Illuminate\\Console\\Command->execute()
#34 /data/otusapi.loc/vendor/laravel/framework/src/Illuminate/Console/Command.php(121): Symfony\\Component\\Console\\Command\\Command->run()
#35 /data/otusapi.loc/vendor/symfony/console/Application.php(920): Illuminate\\Console\\Command->run()
#36 /data/otusapi.loc/vendor/symfony/console/Application.php(266): Symfony\\Component\\Console\\Application->doRunCommand()
#37 /data/otusapi.loc/vendor/symfony/console/Application.php(142): Symfony\\Component\\Console\\Application->doRun()
#38 /data/otusapi.loc/vendor/laravel/framework/src/Illuminate/Console/Application.php(93): Symfony\\Component\\Console\\Application->run()
#39 /data/otusapi.loc/vendor/laravel/framework/src/Illuminate/Foundation/Console/Kernel.php(129): Illuminate\\Console\\Application->run()
#40 /data/otusapi.loc/artisan(37): Illuminate\\Foundation\\Console\\Kernel->handle()
#41 {main}
"} 
[2020-10-22 10:12:30] local.ERROR: $ref "#/components/schemas/UpdateProjectRequest" not found for @OA\JsonContent() in \App\Http\Controllers\ProductController->update() in /data/otusapi.loc/app/Http/Controllers/ProductController.php on line 145 {"exception":"[object] (ErrorException(code: 0): $ref \"#/components/schemas/UpdateProjectRequest\" not found for @OA\\JsonContent() in \\App\\Http\\Controllers\\ProductController->update() in /data/otusapi.loc/app/Http/Controllers/ProductController.php on line 145 at /data/otusapi.loc/vendor/zircote/swagger-php/src/Logger.php:39)
[stacktrace]
#0 [internal function]: Illuminate\\Foundation\\Bootstrap\\HandleExceptions->handleError()
#1 /data/otusapi.loc/vendor/zircote/swagger-php/src/Logger.php(39): trigger_error()
#2 [internal function]: OpenApi\\Logger->OpenApi\\{closure}()
#3 /data/otusapi.loc/vendor/zircote/swagger-php/src/Logger.php(72): call_user_func()
#4 /data/otusapi.loc/vendor/zircote/swagger-php/src/Annotations/AbstractAnnotation.php(419): OpenApi\\Logger::notice()
#5 /data/otusapi.loc/vendor/zircote/swagger-php/src/Annotations/Schema.php(380): OpenApi\\Annotations\\AbstractAnnotation->validate()
#6 /data/otusapi.loc/vendor/zircote/swagger-php/src/Annotations/AbstractAnnotation.php(497): OpenApi\\Annotations\\Schema->validate()
#7 /data/otusapi.loc/vendor/zircote/swagger-php/src/Annotations/AbstractAnnotation.php(466): OpenApi\\Annotations\\AbstractAnnotation::_validate()
#8 /data/otusapi.loc/vendor/zircote/swagger-php/src/Annotations/AbstractAnnotation.php(497): OpenApi\\Annotations\\AbstractAnnotation->validate()
#9 /data/otusapi.loc/vendor/zircote/swagger-php/src/Annotations/AbstractAnnotation.php(503): OpenApi\\Annotations\\AbstractAnnotation::_validate()
#10 /data/otusapi.loc/vendor/zircote/swagger-php/src/Annotations/AbstractAnnotation.php(466): OpenApi\\Annotations\\AbstractAnnotation::_validate()
#11 /data/otusapi.loc/vendor/zircote/swagger-php/src/Annotations/AbstractAnnotation.php(497): OpenApi\\Annotations\\AbstractAnnotation->validate()
#12 /data/otusapi.loc/vendor/zircote/swagger-php/src/Annotations/AbstractAnnotation.php(466): OpenApi\\Annotations\\AbstractAnnotation::_validate()
#13 /data/otusapi.loc/vendor/zircote/swagger-php/src/Annotations/Operation.php(192): OpenApi\\Annotations\\AbstractAnnotation->validate()
#14 /data/otusapi.loc/vendor/zircote/swagger-php/src/Annotations/AbstractAnnotation.php(497): OpenApi\\Annotations\\Operation->validate()
#15 /data/otusapi.loc/vendor/zircote/swagger-php/src/Annotations/AbstractAnnotation.php(466): OpenApi\\Annotations\\AbstractAnnotation::_validate()
#16 /data/otusapi.loc/vendor/zircote/swagger-php/src/Annotations/AbstractAnnotation.php(497): OpenApi\\Annotations\\AbstractAnnotation->validate()
#17 /data/otusapi.loc/vendor/zircote/swagger-php/src/Annotations/AbstractAnnotation.php(503): OpenApi\\Annotations\\AbstractAnnotation::_validate()
#18 /data/otusapi.loc/vendor/zircote/swagger-php/src/Annotations/AbstractAnnotation.php(466): OpenApi\\Annotations\\AbstractAnnotation::_validate()
#19 /data/otusapi.loc/vendor/zircote/swagger-php/src/Annotations/OpenApi.php(136): OpenApi\\Annotations\\AbstractAnnotation->validate()
#20 /data/otusapi.loc/vendor/zircote/swagger-php/src/Analysis.php(528): OpenApi\\Annotations\\OpenApi->validate()
#21 /data/otusapi.loc/vendor/zircote/swagger-php/src/functions.php(59): OpenApi\\Analysis->validate()
#22 /data/otusapi.loc/vendor/darkaonline/l5-swagger/src/Generator.php(152): OpenApi\\scan()
#23 /data/otusapi.loc/vendor/darkaonline/l5-swagger/src/Generator.php(97): L5Swagger\\Generator->scanFilesForDocumentation()
#24 /data/otusapi.loc/vendor/darkaonline/l5-swagger/src/Console/GenerateDocsCommand.php(71): L5Swagger\\Generator->generateDocs()
#25 /data/otusapi.loc/vendor/darkaonline/l5-swagger/src/Console/GenerateDocsCommand.php(58): L5Swagger\\Console\\GenerateDocsCommand->generateDocumentation()
#26 /data/otusapi.loc/vendor/laravel/framework/src/Illuminate/Container/BoundMethod.php(36): L5Swagger\\Console\\GenerateDocsCommand->handle()
#27 /data/otusapi.loc/vendor/laravel/framework/src/Illuminate/Container/Util.php(40): Illuminate\\Container\\BoundMethod::Illuminate\\Container\\{closure}()
#28 /data/otusapi.loc/vendor/laravel/framework/src/Illuminate/Container/BoundMethod.php(93): Illuminate\\Container\\Util::unwrapIfClosure()
#29 /data/otusapi.loc/vendor/laravel/framework/src/Illuminate/Container/BoundMethod.php(37): Illuminate\\Container\\BoundMethod::callBoundMethod()
#30 /data/otusapi.loc/vendor/laravel/framework/src/Illuminate/Container/Container.php(596): Illuminate\\Container\\BoundMethod::call()
#31 /data/otusapi.loc/vendor/laravel/framework/src/Illuminate/Console/Command.php(136): Illuminate\\Container\\Container->call()
#32 /data/otusapi.loc/vendor/symfony/console/Command/Command.php(258): Illuminate\\Console\\Command->execute()
#33 /data/otusapi.loc/vendor/laravel/framework/src/Illuminate/Console/Command.php(121): Symfony\\Component\\Console\\Command\\Command->run()
#34 /data/otusapi.loc/vendor/symfony/console/Application.php(920): Illuminate\\Console\\Command->run()
#35 /data/otusapi.loc/vendor/symfony/console/Application.php(266): Symfony\\Component\\Console\\Application->doRunCommand()
#36 /data/otusapi.loc/vendor/symfony/console/Application.php(142): Symfony\\Component\\Console\\Application->doRun()
#37 /data/otusapi.loc/vendor/laravel/framework/src/Illuminate/Console/Application.php(93): Symfony\\Component\\Console\\Application->run()
#38 /data/otusapi.loc/vendor/laravel/framework/src/Illuminate/Foundation/Console/Kernel.php(129): Illuminate\\Console\\Application->run()
#39 /data/otusapi.loc/artisan(37): Illuminate\\Foundation\\Console\\Kernel->handle()
#40 {main}
"} 
